-------------------------------------------------------------------------------
Test set: com.chatgenius.service.MessageServiceTest
-------------------------------------------------------------------------------
Tests run: 5, Failures: 0, Errors: 5, Skipped: 0, Time elapsed: 0.070 s <<< FAILURE! -- in com.chatgenius.service.MessageServiceTest
com.chatgenius.service.MessageServiceTest.getMessage_Success -- Time elapsed: 0.055 s <<< ERROR!
org.mockito.exceptions.misusing.UnnecessaryStubbingException: 

Unnecessary stubbings detected.
Clean & maintainable test code requires zero unnecessary code.
Following stubbings are unnecessary (click to navigate to relevant line of code):
  1. -> at com.chatgenius.service.MessageServiceTest.setUp(MessageServiceTest.java:84)
  2. -> at com.chatgenius.service.MessageServiceTest.setUp(MessageServiceTest.java:85)
  3. -> at com.chatgenius.service.MessageServiceTest.setUp(MessageServiceTest.java:87)
Please remove unnecessary stubbings or use 'lenient' strictness. More info: javadoc for UnnecessaryStubbingException class.
	at org.mockito.junit.jupiter.MockitoExtension.afterEach(MockitoExtension.java:192)
	at java.base/java.util.ArrayList.forEach(ArrayList.java:1596)
	at java.base/java.util.ArrayList.forEach(ArrayList.java:1596)

com.chatgenius.service.MessageServiceTest.deleteMessage_Success -- Time elapsed: 0.004 s <<< ERROR!
com.chatgenius.exception.ResourceNotFoundException: Message not found with identifier: f47ac10b-58cc-4372-a567-0e02b2c3d479
	at com.chatgenius.service.impl.MessageServiceImpl.deleteMessage(MessageServiceImpl.java:119)
	at com.chatgenius.service.MessageServiceTest.deleteMessage_Success(MessageServiceTest.java:148)
	at java.base/java.lang.reflect.Method.invoke(Method.java:580)
	at java.base/java.util.ArrayList.forEach(ArrayList.java:1596)
	at java.base/java.util.ArrayList.forEach(ArrayList.java:1596)

com.chatgenius.service.MessageServiceTest.getChannelMessages_Success -- Time elapsed: 0.002 s <<< ERROR!
com.chatgenius.exception.ResourceNotFoundException: Channel not found with identifier: de23276a-e112-4554-92c8-3fe875aad09c
	at com.chatgenius.service.impl.MessageServiceImpl.getChannelMessages(MessageServiceImpl.java:86)
	at com.chatgenius.service.MessageServiceTest.getChannelMessages_Success(MessageServiceTest.java:116)
	at java.base/java.lang.reflect.Method.invoke(Method.java:580)
	at java.base/java.util.ArrayList.forEach(ArrayList.java:1596)
	at java.base/java.util.ArrayList.forEach(ArrayList.java:1596)

com.chatgenius.service.MessageServiceTest.createMessage_Success -- Time elapsed: 0.007 s <<< ERROR!
org.mockito.exceptions.misusing.UnnecessaryStubbingException: 

Unnecessary stubbings detected.
Clean & maintainable test code requires zero unnecessary code.
Following stubbings are unnecessary (click to navigate to relevant line of code):
  1. -> at com.chatgenius.service.MessageServiceTest.setUp(MessageServiceTest.java:86)
Please remove unnecessary stubbings or use 'lenient' strictness. More info: javadoc for UnnecessaryStubbingException class.
	at org.mockito.junit.jupiter.MockitoExtension.afterEach(MockitoExtension.java:192)
	at java.base/java.util.ArrayList.forEach(ArrayList.java:1596)
	at java.base/java.util.ArrayList.forEach(ArrayList.java:1596)

com.chatgenius.service.MessageServiceTest.updateMessage_Success -- Time elapsed: 0.001 s <<< ERROR!
org.mockito.exceptions.misusing.UnnecessaryStubbingException: 

Unnecessary stubbings detected.
Clean & maintainable test code requires zero unnecessary code.
Following stubbings are unnecessary (click to navigate to relevant line of code):
  1. -> at com.chatgenius.service.MessageServiceTest.setUp(MessageServiceTest.java:84)
  2. -> at com.chatgenius.service.MessageServiceTest.setUp(MessageServiceTest.java:85)
Please remove unnecessary stubbings or use 'lenient' strictness. More info: javadoc for UnnecessaryStubbingException class.
	at org.mockito.junit.jupiter.MockitoExtension.afterEach(MockitoExtension.java:192)
	at java.base/java.util.ArrayList.forEach(ArrayList.java:1596)
	at java.base/java.util.ArrayList.forEach(ArrayList.java:1596)

