<?xml version="1.0" encoding="UTF-8"?>
<testsuite xmlns:xsi="http://www.w3.org/2001/XMLSchema-instance" xsi:noNamespaceSchemaLocation="https://maven.apache.org/surefire/maven-surefire-plugin/xsd/surefire-test-report-3.0.xsd" version="3.0" name="com.chatgenius.repository.UserRepositoryTest" time="0.028" tests="4" errors="0" skipped="0" failures="0">
  <properties>
[...]
</properties>
  <testcase name="findByStatus_Success" classname="com.chatgenius.repository.UserRepositoryTest" time="0.007">
    <system-out><![CDATA[2025-01-09T08:37:05.338-06:00 DEBUG 20036 --- [           main] b.t.a.o.j.DataJpaTestContextBootstrapper : Neither @ContextConfiguration nor @ContextHierarchy found for test class [UserRepositoryTest]: using SpringBootContextLoader
2025-01-09T08:37:05.338-06:00 DEBUG 20036 --- [           main] o.s.t.c.support.AbstractContextLoader    : Could not detect default resource locations for test class [com.chatgenius.repository.UserRepositoryTest]: no resource found for suffixes {-context.xml, Context.groovy}.
2025-01-09T08:37:05.338-06:00  INFO 20036 --- [           main] t.c.s.AnnotationConfigContextLoaderUtils : Could not detect default configuration classes for test class [com.chatgenius.repository.UserRepositoryTest]: UserRepositoryTest does not declare any static, non-private, non-final, nested classes annotated with @Configuration.
2025-01-09T08:37:05.339-06:00 DEBUG 20036 --- [           main] b.t.a.o.j.DataJpaTestContextBootstrapper : Using ContextCustomizerFactory implementations for test class [UserRepositoryTest]: [ImportsContextCustomizerFactory, ExcludeFilterContextCustomizerFactory, HttpGraphQlTesterContextCustomizerFactory, DuplicateJsonObjectContextCustomizerFactory, MockitoContextCustomizerFactory, TestRestTemplateContextCustomizerFactory, WebTestClientContextCustomizerFactory, OverrideAutoConfigurationContextCustomizerFactory, ObservabilityContextCustomizerFactory, TypeExcludeFiltersContextCustomizerFactory, PropertyMappingContextCustomizerFactory, WebDriverContextCustomizerFactory, MockServerContainerContextCustomizerFactory, DynamicPropertiesContextCustomizerFactory]
2025-01-09T08:37:05.341-06:00 DEBUG 20036 --- [           main] b.t.a.o.j.DataJpaTestContextBootstrapper : Using ContextCustomizers for test class [UserRepositoryTest]: [ImportsContextCustomizer, ExcludeFilterContextCustomizer, DuplicateJsonObjectContextCustomizer, MockitoContextCustomizer, DisableAutoConfigurationContextCustomizer, DisableObservabilityContextCustomizer, TypeExcludeFiltersContextCustomizer, PropertyMappingContextCustomizer, WebDriverContextCustomizer]
2025-01-09T08:37:05.341-06:00  INFO 20036 --- [           main] .b.t.c.SpringBootTestContextBootstrapper : Found @SpringBootConfiguration com.chatgenius.ChatGeniusApplication for test class com.chatgenius.repository.UserRepositoryTest
2025-01-09T08:37:05.342-06:00 DEBUG 20036 --- [           main] .s.t.c.u.TestContextSpringFactoriesUtils : Skipping candidate TestExecutionListener [org.springframework.test.context.observation.MicrometerObservationRegistryTestExecutionListener] due to a missing dependency. Specify custom TestExecutionListener classes or make the default TestExecutionListener classes and their required dependencies available. Offending class: io.micrometer.context.ThreadLocalAccessor. MicrometerObservationRegistryTestExecutionListener requires io.micrometer:micrometer-observation:1.10.8 or higher and io.micrometer:context-propagation:1.0.3 or higher.
2025-01-09T08:37:05.342-06:00 DEBUG 20036 --- [           main] b.t.a.o.j.DataJpaTestContextBootstrapper : Using TestExecutionListeners for test class [UserRepositoryTest]: [ServletTestExecutionListener, DirtiesContextBeforeModesTestExecutionListener, ApplicationEventsTestExecutionListener, MockitoTestExecutionListener, DependencyInjectionTestExecutionListener, DirtiesContextTestExecutionListener, TransactionalTestExecutionListener, SqlScriptsTestExecutionListener, EventPublishingTestExecutionListener, WithSecurityContextTestExecutionListener, ReactorContextTestExecutionListener, ResetMocksTestExecutionListener, RestDocsTestExecutionListener, MockRestServiceServerResetTestExecutionListener, MockMvcPrintOnlyOnFailureTestExecutionListener, WebDriverTestExecutionListener, MockWebServiceServerTestExecutionListener]
2025-01-09T08:37:05.342-06:00 DEBUG 20036 --- [           main] sContextBeforeModesTestExecutionListener : Before test class: class [UserRepositoryTest], class annotated with @DirtiesContext [false] with mode [null]
2025-01-09T08:37:05.342-06:00 DEBUG 20036 --- [           main] org.springframework.test.context.cache   : Spring test ApplicationContext cache statistics: [DefaultContextCache@3bd6ce4e size = 4, maxSize = 32, parentContextCount = 0, hitCount = 234, missCount = 8, failureCount = 1]
2025-01-09T08:37:05.342-06:00 DEBUG 20036 --- [           main] DependencyInjectionTestExecutionListener : Performing dependency injection for test class com.chatgenius.repository.UserRepositoryTest
2025-01-09T08:37:05.342-06:00 DEBUG 20036 --- [           main] org.springframework.test.context.cache   : Spring test ApplicationContext cache statistics: [DefaultContextCache@3bd6ce4e size = 4, maxSize = 32, parentContextCount = 0, hitCount = 235, missCount = 8, failureCount = 1]
2025-01-09T08:37:05.342-06:00 DEBUG 20036 --- [           main] org.springframework.test.context.cache   : Spring test ApplicationContext cache statistics: [DefaultContextCache@3bd6ce4e size = 4, maxSize = 32, parentContextCount = 0, hitCount = 236, missCount = 8, failureCount = 1]
2025-01-09T08:37:05.342-06:00 DEBUG 20036 --- [           main] sContextBeforeModesTestExecutionListener : Before test method: class [UserRepositoryTest], method [findByStatus_Success], class annotated with @DirtiesContext [false] with mode [null], method annotated with @DirtiesContext [false] with mode [null]
2025-01-09T08:37:05.342-06:00 DEBUG 20036 --- [           main] t.c.t.TransactionalTestExecutionListener : Explicit transaction definition [PROPAGATION_REQUIRED,ISOLATION_DEFAULT] found for test class [com.chatgenius.repository.UserRepositoryTest] and test method [findByStatus_Success]
2025-01-09T08:37:05.342-06:00 DEBUG 20036 --- [           main] org.springframework.test.context.cache   : Spring test ApplicationContext cache statistics: [DefaultContextCache@3bd6ce4e size = 4, maxSize = 32, parentContextCount = 0, hitCount = 237, missCount = 8, failureCount = 1]
2025-01-09T08:37:05.342-06:00 DEBUG 20036 --- [           main] t.c.t.TransactionalTestExecutionListener : No method-level @Rollback override: using default rollback [true] for test method [void com.chatgenius.repository.UserRepositoryTest.findByStatus_Success()]
2025-01-09T08:37:05.342-06:00 DEBUG 20036 --- [           main] o.s.orm.jpa.JpaTransactionManager        : Creating new transaction with name [com.chatgenius.repository.UserRepositoryTest.findByStatus_Success]: PROPAGATION_REQUIRED,ISOLATION_DEFAULT
2025-01-09T08:37:05.342-06:00 DEBUG 20036 --- [           main] o.s.orm.jpa.JpaTransactionManager        : Opened new EntityManager [SessionImpl(1360738276<open>)] for JPA transaction
2025-01-09T08:37:05.342-06:00 DEBUG 20036 --- [           main] o.h.e.t.internal.TransactionImpl         : On TransactionImpl creation, JpaCompliance#isJpaTransactionComplianceEnabled == false
2025-01-09T08:37:05.342-06:00 DEBUG 20036 --- [           main] o.h.e.t.internal.TransactionImpl         : begin
2025-01-09T08:37:05.342-06:00 DEBUG 20036 --- [           main] o.s.j.datasource.SimpleDriverDataSource  : Creating new JDBC Driver Connection to [jdbc:h2:mem:c28bcf25-0d96-40ed-b42d-6242cefd62bf;DB_CLOSE_DELAY=-1;DB_CLOSE_ON_EXIT=false]
2025-01-09T08:37:05.344-06:00 DEBUG 20036 --- [           main] o.s.orm.jpa.JpaTransactionManager        : Exposing JPA transaction as JDBC [org.springframework.orm.jpa.vendor.HibernateJpaDialect$HibernateConnectionHandle@7ac85fbe]
2025-01-09T08:37:05.344-06:00 DEBUG 20036 --- [           main] o.s.t.c.transaction.TransactionContext   : Began transaction (1) for test class [com.chatgenius.repository.UserRepositoryTest]; test method [findByStatus_Success]; transaction manager [org.springframework.orm.jpa.JpaTransactionManager@6af5b172]; rollback [true]
2025-01-09T08:37:05.344-06:00 DEBUG 20036 --- [           main] org.springframework.test.context.cache   : Spring test ApplicationContext cache statistics: [DefaultContextCache@3bd6ce4e size = 4, maxSize = 32, parentContextCount = 0, hitCount = 238, missCount = 8, failureCount = 1]
2025-01-09T08:37:05.344-06:00 DEBUG 20036 --- [           main] org.springframework.test.context.cache   : Spring test ApplicationContext cache statistics: [DefaultContextCache@3bd6ce4e size = 4, maxSize = 32, parentContextCount = 0, hitCount = 239, missCount = 8, failureCount = 1]
2025-01-09T08:37:05.344-06:00 DEBUG 20036 --- [           main] o.s.orm.jpa.JpaTransactionManager        : Found thread-bound EntityManager [SessionImpl(1360738276<open>)] for JPA transaction
2025-01-09T08:37:05.344-06:00 DEBUG 20036 --- [           main] o.s.orm.jpa.JpaTransactionManager        : Participating in existing transaction
2025-01-09T08:37:05.344-06:00 DEBUG 20036 --- [           main] org.hibernate.orm.sql.ast.create         : Created new SQL alias : u1_0
2025-01-09T08:37:05.344-06:00 DEBUG 20036 --- [           main] org.hibernate.orm.sql.ast.create         : Registration of TableGroup [StandardTableGroup(com.chatgenius.model.User(1605025589900))] with identifierForTableGroup [com.chatgenius.model.User] for NavigablePath [com.chatgenius.model.User] 
2025-01-09T08:37:05.345-06:00 DEBUG 20036 --- [           main] org.hibernate.orm.results.graph.AST      : DomainResult Graph:
 \-EntityResultImpl [com.chatgenius.model.User(1605025589900)]
 |  +-BasicFetch [com.chatgenius.model.User(1605025589900).createdAt]
 |  +-BasicFetch [com.chatgenius.model.User(1605025589900).email]
 |  +-BasicFetch [com.chatgenius.model.User(1605025589900).lastSeenAt]
 |  +-BasicFetch [com.chatgenius.model.User(1605025589900).password]
 |  +-BasicFetch [com.chatgenius.model.User(1605025589900).status]
 |  \-BasicFetch [com.chatgenius.model.User(1605025589900).username]

2025-01-09T08:37:05.345-06:00 DEBUG 20036 --- [           main] org.hibernate.orm.sql.ast.tree           : SQL AST Tree:
    SelectStatement {
      FromClause {
        StandardTableGroup (u1 : com.chatgenius.model.User(1605025589900)) {
          primaryTableReference : users as u1_0
        }
      }
    }

2025-01-09T08:37:05.345-06:00 DEBUG 20036 --- [           main] org.hibernate.orm.sql.exec               : Skipping reading Query result cache data: cache-enabled = false, cache-mode = NORMAL
2025-01-09T08:37:05.345-06:00 DEBUG 20036 --- [           main] org.hibernate.orm.results                : Initializer list:
	  com.chatgenius.model.User(1605025589900) -> EntityResultInitializer(com.chatgenius.model.User(1605025589900))@1173866999 (SingleTableEntityPersister(com.chatgenius.model.User))

2025-01-09T08:37:05.345-06:00 DEBUG 20036 --- [           main] org.hibernate.SQL                        : 
    select
        u1_0.id,
        u1_0.created_at,
        u1_0.email,
        u1_0.last_seen_at,
        u1_0.password,
        u1_0.status,
        u1_0.username 
    from
        users u1_0
Hibernate: 
    select
        u1_0.id,
        u1_0.created_at,
        u1_0.email,
        u1_0.last_seen_at,
        u1_0.password,
        u1_0.status,
        u1_0.username 
    from
        users u1_0
2025-01-09T08:37:05.346-06:00 DEBUG 20036 --- [           main] org.springframework.test.context.cache   : Spring test ApplicationContext cache statistics: [DefaultContextCache@3bd6ce4e size = 4, maxSize = 32, parentContextCount = 0, hitCount = 240, missCount = 8, failureCount = 1]
2025-01-09T08:37:05.346-06:00 DEBUG 20036 --- [           main] o.s.orm.jpa.JpaTransactionManager        : Found thread-bound EntityManager [SessionImpl(1360738276<open>)] for JPA transaction
2025-01-09T08:37:05.346-06:00 DEBUG 20036 --- [           main] o.s.orm.jpa.JpaTransactionManager        : Participating in existing transaction
2025-01-09T08:37:05.346-06:00 DEBUG 20036 --- [           main] o.h.j.internal.PersistenceUnitUtilImpl   : jakarta.persistence.PersistenceUnitUtil.getIdentifier is only intended to work with enhanced entities (although Hibernate also adapts this support to its proxies); however the passed entity was not enhanced (nor a proxy).. may not be able to read identifier
2025-01-09T08:37:05.346-06:00 DEBUG 20036 --- [           main] o.h.e.i.AbstractSaveEventListener        : Generated identifier: f8ed2772-ec53-475f-9b0a-096d850517f6, using strategy: org.hibernate.id.UUIDGenerator
2025-01-09T08:37:05.346-06:00 DEBUG 20036 --- [           main] o.s.orm.jpa.JpaTransactionManager        : Found thread-bound EntityManager [SessionImpl(1360738276<open>)] for JPA transaction
2025-01-09T08:37:05.346-06:00 DEBUG 20036 --- [           main] o.s.orm.jpa.JpaTransactionManager        : Participating in existing transaction
2025-01-09T08:37:05.346-06:00 DEBUG 20036 --- [           main] o.h.j.internal.PersistenceUnitUtilImpl   : jakarta.persistence.PersistenceUnitUtil.getIdentifier is only intended to work with enhanced entities (although Hibernate also adapts this support to its proxies); however the passed entity was not enhanced (nor a proxy).. may not be able to read identifier
2025-01-09T08:37:05.346-06:00 DEBUG 20036 --- [           main] o.h.e.i.AbstractSaveEventListener        : Generated identifier: be61b197-2198-4527-a468-cb7c135014f9, using strategy: org.hibernate.id.UUIDGenerator
2025-01-09T08:37:05.347-06:00 DEBUG 20036 --- [           main] org.hibernate.orm.sql.ast.create         : Created new SQL alias : u1_0
2025-01-09T08:37:05.347-06:00 DEBUG 20036 --- [           main] org.hibernate.orm.sql.ast.create         : Registration of TableGroup [StandardTableGroup(com.chatgenius.model.User(1604310871000))] with identifierForTableGroup [com.chatgenius.model.User] for NavigablePath [com.chatgenius.model.User] 
2025-01-09T08:37:05.347-06:00 DEBUG 20036 --- [           main] o.h.q.sqm.sql.BaseSqmToSqlAstConverter   : Determining mapping-model type for SqmParameter : org.hibernate.query.sqm.tree.expression.SqmJpaCriteriaParameterWrapper@7548f7cd
2025-01-09T08:37:05.347-06:00 DEBUG 20036 --- [           main] o.h.q.sqm.sql.BaseSqmToSqlAstConverter   : Determining mapping-model type for SqmPath : SqmBasicValuedSimplePath(com.chatgenius.model.User(1604310871000).status) 
2025-01-09T08:37:05.347-06:00 DEBUG 20036 --- [           main] org.hibernate.orm.results.graph.AST      : DomainResult Graph:
 \-EntityResultImpl [com.chatgenius.model.User(1604310871000)]
 |  +-BasicFetch [com.chatgenius.model.User(1604310871000).createdAt]
 |  +-BasicFetch [com.chatgenius.model.User(1604310871000).email]
 |  +-BasicFetch [com.chatgenius.model.User(1604310871000).lastSeenAt]
 |  +-BasicFetch [com.chatgenius.model.User(1604310871000).password]
 |  +-BasicFetch [com.chatgenius.model.User(1604310871000).status]
 |  \-BasicFetch [com.chatgenius.model.User(1604310871000).username]

2025-01-09T08:37:05.347-06:00 DEBUG 20036 --- [           main] org.hibernate.orm.sql.ast.tree           : SQL AST Tree:
    SelectStatement {
      FromClause {
        StandardTableGroup (u1 : com.chatgenius.model.User(1604310871000)) {
          primaryTableReference : users as u1_0
        }
      }
    }

2025-01-09T08:37:05.347-06:00 DEBUG 20036 --- [           main] o.h.e.i.AbstractFlushingEventListener    : Processing flush-time cascades
2025-01-09T08:37:05.347-06:00 DEBUG 20036 --- [           main] o.h.e.i.AbstractFlushingEventListener    : Dirty checking collections
2025-01-09T08:37:05.347-06:00 DEBUG 20036 --- [           main] o.h.e.i.AbstractFlushingEventListener    : Flushed: 2 insertions, 0 updates, 0 deletions to 2 objects
2025-01-09T08:37:05.347-06:00 DEBUG 20036 --- [           main] o.h.e.i.AbstractFlushingEventListener    : Flushed: 0 (re)creations, 0 updates, 0 removals to 0 collections
2025-01-09T08:37:05.347-06:00 DEBUG 20036 --- [           main] o.hibernate.internal.util.EntityPrinter  : Listing entities:
2025-01-09T08:37:05.347-06:00 DEBUG 20036 --- [           main] o.hibernate.internal.util.EntityPrinter  : com.chatgenius.model.User{lastSeenAt=null, createdAt=2025-01-09T08:37:05.346238200-06:00[America/Chicago], password=password123, id=f8ed2772-ec53-475f-9b0a-096d850517f6, email=user1@example.com, status=ONLINE, username=user1}
2025-01-09T08:37:05.347-06:00 DEBUG 20036 --- [           main] o.hibernate.internal.util.EntityPrinter  : com.chatgenius.model.User{lastSeenAt=null, createdAt=2025-01-09T08:37:05.346238200-06:00[America/Chicago], password=password123, id=be61b197-2198-4527-a468-cb7c135014f9, email=user2@example.com, status=OFFLINE, username=user2}
2025-01-09T08:37:05.347-06:00 DEBUG 20036 --- [           main] org.hibernate.engine.spi.ActionQueue     : Changes must be flushed to space: users
2025-01-09T08:37:05.347-06:00 DEBUG 20036 --- [           main] org.hibernate.SQL                        : 
    insert 
    into
        users
        (created_at, email, last_seen_at, password, status, username, id) 
    values
        (?, ?, ?, ?, ?, ?, ?)
Hibernate: 
    insert 
    into
        users
        (created_at, email, last_seen_at, password, status, username, id) 
    values
        (?, ?, ?, ?, ?, ?, ?)
2025-01-09T08:37:05.348-06:00 DEBUG 20036 --- [           main] org.hibernate.SQL                        : 
    insert 
    into
        users
        (created_at, email, last_seen_at, password, status, username, id) 
    values
        (?, ?, ?, ?, ?, ?, ?)
Hibernate: 
    insert 
    into
        users
        (created_at, email, last_seen_at, password, status, username, id) 
    values
        (?, ?, ?, ?, ?, ?, ?)
2025-01-09T08:37:05.348-06:00 DEBUG 20036 --- [           main] org.hibernate.orm.sql.exec               : Skipping reading Query result cache data: cache-enabled = false, cache-mode = NORMAL
2025-01-09T08:37:05.348-06:00 DEBUG 20036 --- [           main] org.hibernate.orm.results                : Initializer list:
	  com.chatgenius.model.User(1604310871000) -> EntityResultInitializer(com.chatgenius.model.User(1604310871000))@1458648566 (SingleTableEntityPersister(com.chatgenius.model.User))

2025-01-09T08:37:05.348-06:00 DEBUG 20036 --- [           main] org.hibernate.SQL                        : 
    select
        u1_0.id,
        u1_0.created_at,
        u1_0.email,
        u1_0.last_seen_at,
        u1_0.password,
        u1_0.status,
        u1_0.username 
    from
        users u1_0 
    where
        u1_0.status=?
Hibernate: 
    select
        u1_0.id,
        u1_0.created_at,
        u1_0.email,
        u1_0.last_seen_at,
        u1_0.password,
        u1_0.status,
        u1_0.username 
    from
        users u1_0 
    where
        u1_0.status=?
2025-01-09T08:37:05.348-06:00 DEBUG 20036 --- [           main] org.hibernate.orm.results                : Extracted JDBC value [0] - [f8ed2772-ec53-475f-9b0a-096d850517f6]
2025-01-09T08:37:05.348-06:00 DEBUG 20036 --- [           main] o.hibernate.orm.results.loading.entity   : (EntityResultInitializer) Hydrated EntityKey (com.chatgenius.model.User(1604310871000)): f8ed2772-ec53-475f-9b0a-096d850517f6
2025-01-09T08:37:05.348-06:00 DEBUG 20036 --- [           main] org.hibernate.orm.results.loading        : Calling top-level assembler (0 / 1) : org.hibernate.sql.results.graph.entity.internal.EntityAssembler@255a1fdb
2025-01-09T08:37:05.348-06:00 DEBUG 20036 --- [           main] org.springframework.test.context.cache   : Spring test ApplicationContext cache statistics: [DefaultContextCache@3bd6ce4e size = 4, maxSize = 32, parentContextCount = 0, hitCount = 241, missCount = 8, failureCount = 1]
2025-01-09T08:37:05.349-06:00 DEBUG 20036 --- [           main] org.springframework.test.context.cache   : Spring test ApplicationContext cache statistics: [DefaultContextCache@3bd6ce4e size = 4, maxSize = 32, parentContextCount = 0, hitCount = 242, missCount = 8, failureCount = 1]
2025-01-09T08:37:05.349-06:00 DEBUG 20036 --- [           main] org.springframework.test.context.cache   : Spring test ApplicationContext cache statistics: [DefaultContextCache@3bd6ce4e size = 4, maxSize = 32, parentContextCount = 0, hitCount = 243, missCount = 8, failureCount = 1]
2025-01-09T08:37:05.349-06:00 DEBUG 20036 --- [           main] org.springframework.test.context.cache   : Spring test ApplicationContext cache statistics: [DefaultContextCache@3bd6ce4e size = 4, maxSize = 32, parentContextCount = 0, hitCount = 244, missCount = 8, failureCount = 1]
2025-01-09T08:37:05.349-06:00 DEBUG 20036 --- [           main] org.springframework.test.context.cache   : Spring test ApplicationContext cache statistics: [DefaultContextCache@3bd6ce4e size = 4, maxSize = 32, parentContextCount = 0, hitCount = 245, missCount = 8, failureCount = 1]
2025-01-09T08:37:05.349-06:00 DEBUG 20036 --- [           main] org.springframework.test.context.cache   : Spring test ApplicationContext cache statistics: [DefaultContextCache@3bd6ce4e size = 4, maxSize = 32, parentContextCount = 0, hitCount = 246, missCount = 8, failureCount = 1]
2025-01-09T08:37:05.349-06:00 DEBUG 20036 --- [           main] org.springframework.test.context.cache   : Spring test ApplicationContext cache statistics: [DefaultContextCache@3bd6ce4e size = 4, maxSize = 32, parentContextCount = 0, hitCount = 247, missCount = 8, failureCount = 1]
2025-01-09T08:37:05.349-06:00 DEBUG 20036 --- [           main] o.s.orm.jpa.JpaTransactionManager        : Initiating transaction rollback
2025-01-09T08:37:05.349-06:00 DEBUG 20036 --- [           main] o.s.orm.jpa.JpaTransactionManager        : Rolling back JPA transaction on EntityManager [SessionImpl(1360738276<open>)]
2025-01-09T08:37:05.349-06:00 DEBUG 20036 --- [           main] o.h.e.t.internal.TransactionImpl         : rolling back
2025-01-09T08:37:05.349-06:00 DEBUG 20036 --- [           main] o.s.orm.jpa.JpaTransactionManager        : Closing JPA EntityManager [SessionImpl(1360738276<open>)] after transaction
2025-01-09T08:37:05.349-06:00 DEBUG 20036 --- [           main] o.s.t.c.transaction.TransactionContext   : Rolled back transaction (1) for test class [com.chatgenius.repository.UserRepositoryTest]; test method [findByStatus_Success]
2025-01-09T08:37:05.349-06:00 DEBUG 20036 --- [           main] .c.s.DirtiesContextTestExecutionListener : After test method: class [UserRepositoryTest], method [findByStatus_Success], class annotated with @DirtiesContext [false] with mode [null], method annotated with @DirtiesContext [false] with mode [null]
]]></system-out>
  </testcase>
  <testcase name="findByUsername_Success" classname="com.chatgenius.repository.UserRepositoryTest" time="0.006">
    <system-out><![CDATA[2025-01-09T08:37:05.349-06:00 DEBUG 20036 --- [           main] DependencyInjectionTestExecutionListener : Performing dependency injection for test class com.chatgenius.repository.UserRepositoryTest
2025-01-09T08:37:05.349-06:00 DEBUG 20036 --- [           main] org.springframework.test.context.cache   : Spring test ApplicationContext cache statistics: [DefaultContextCache@3bd6ce4e size = 4, maxSize = 32, parentContextCount = 0, hitCount = 248, missCount = 8, failureCount = 1]
2025-01-09T08:37:05.350-06:00 DEBUG 20036 --- [           main] org.springframework.test.context.cache   : Spring test ApplicationContext cache statistics: [DefaultContextCache@3bd6ce4e size = 4, maxSize = 32, parentContextCount = 0, hitCount = 249, missCount = 8, failureCount = 1]
2025-01-09T08:37:05.350-06:00 DEBUG 20036 --- [           main] sContextBeforeModesTestExecutionListener : Before test method: class [UserRepositoryTest], method [findByUsername_Success], class annotated with @DirtiesContext [false] with mode [null], method annotated with @DirtiesContext [false] with mode [null]
2025-01-09T08:37:05.350-06:00 DEBUG 20036 --- [           main] t.c.t.TransactionalTestExecutionListener : Explicit transaction definition [PROPAGATION_REQUIRED,ISOLATION_DEFAULT] found for test class [com.chatgenius.repository.UserRepositoryTest] and test method [findByUsername_Success]
2025-01-09T08:37:05.350-06:00 DEBUG 20036 --- [           main] org.springframework.test.context.cache   : Spring test ApplicationContext cache statistics: [DefaultContextCache@3bd6ce4e size = 4, maxSize = 32, parentContextCount = 0, hitCount = 250, missCount = 8, failureCount = 1]
2025-01-09T08:37:05.350-06:00 DEBUG 20036 --- [           main] t.c.t.TransactionalTestExecutionListener : No method-level @Rollback override: using default rollback [true] for test method [void com.chatgenius.repository.UserRepositoryTest.findByUsername_Success()]
2025-01-09T08:37:05.350-06:00 DEBUG 20036 --- [           main] o.s.orm.jpa.JpaTransactionManager        : Creating new transaction with name [com.chatgenius.repository.UserRepositoryTest.findByUsername_Success]: PROPAGATION_REQUIRED,ISOLATION_DEFAULT
2025-01-09T08:37:05.350-06:00 DEBUG 20036 --- [           main] o.s.orm.jpa.JpaTransactionManager        : Opened new EntityManager [SessionImpl(2052833283<open>)] for JPA transaction
2025-01-09T08:37:05.350-06:00 DEBUG 20036 --- [           main] o.h.e.t.internal.TransactionImpl         : On TransactionImpl creation, JpaCompliance#isJpaTransactionComplianceEnabled == false
2025-01-09T08:37:05.350-06:00 DEBUG 20036 --- [           main] o.h.e.t.internal.TransactionImpl         : begin
2025-01-09T08:37:05.350-06:00 DEBUG 20036 --- [           main] o.s.j.datasource.SimpleDriverDataSource  : Creating new JDBC Driver Connection to [jdbc:h2:mem:c28bcf25-0d96-40ed-b42d-6242cefd62bf;DB_CLOSE_DELAY=-1;DB_CLOSE_ON_EXIT=false]
2025-01-09T08:37:05.350-06:00 DEBUG 20036 --- [           main] o.s.orm.jpa.JpaTransactionManager        : Exposing JPA transaction as JDBC [org.springframework.orm.jpa.vendor.HibernateJpaDialect$HibernateConnectionHandle@1a50f575]
2025-01-09T08:37:05.350-06:00 DEBUG 20036 --- [           main] o.s.t.c.transaction.TransactionContext   : Began transaction (1) for test class [com.chatgenius.repository.UserRepositoryTest]; test method [findByUsername_Success]; transaction manager [org.springframework.orm.jpa.JpaTransactionManager@6af5b172]; rollback [true]
2025-01-09T08:37:05.350-06:00 DEBUG 20036 --- [           main] org.springframework.test.context.cache   : Spring test ApplicationContext cache statistics: [DefaultContextCache@3bd6ce4e size = 4, maxSize = 32, parentContextCount = 0, hitCount = 251, missCount = 8, failureCount = 1]
2025-01-09T08:37:05.350-06:00 DEBUG 20036 --- [           main] org.springframework.test.context.cache   : Spring test ApplicationContext cache statistics: [DefaultContextCache@3bd6ce4e size = 4, maxSize = 32, parentContextCount = 0, hitCount = 252, missCount = 8, failureCount = 1]
2025-01-09T08:37:05.351-06:00 DEBUG 20036 --- [           main] o.s.orm.jpa.JpaTransactionManager        : Found thread-bound EntityManager [SessionImpl(2052833283<open>)] for JPA transaction
2025-01-09T08:37:05.351-06:00 DEBUG 20036 --- [           main] o.s.orm.jpa.JpaTransactionManager        : Participating in existing transaction
2025-01-09T08:37:05.351-06:00 DEBUG 20036 --- [           main] org.hibernate.orm.sql.ast.create         : Created new SQL alias : u1_0
2025-01-09T08:37:05.351-06:00 DEBUG 20036 --- [           main] org.hibernate.orm.sql.ast.create         : Registration of TableGroup [StandardTableGroup(com.chatgenius.model.User(1605032036800))] with identifierForTableGroup [com.chatgenius.model.User] for NavigablePath [com.chatgenius.model.User] 
2025-01-09T08:37:05.351-06:00 DEBUG 20036 --- [           main] org.hibernate.orm.results.graph.AST      : DomainResult Graph:
 \-EntityResultImpl [com.chatgenius.model.User(1605032036800)]
 |  +-BasicFetch [com.chatgenius.model.User(1605032036800).createdAt]
 |  +-BasicFetch [com.chatgenius.model.User(1605032036800).email]
 |  +-BasicFetch [com.chatgenius.model.User(1605032036800).lastSeenAt]
 |  +-BasicFetch [com.chatgenius.model.User(1605032036800).password]
 |  +-BasicFetch [com.chatgenius.model.User(1605032036800).status]
 |  \-BasicFetch [com.chatgenius.model.User(1605032036800).username]

2025-01-09T08:37:05.351-06:00 DEBUG 20036 --- [           main] org.hibernate.orm.sql.ast.tree           : SQL AST Tree:
    SelectStatement {
      FromClause {
        StandardTableGroup (u1 : com.chatgenius.model.User(1605032036800)) {
          primaryTableReference : users as u1_0
        }
      }
    }

2025-01-09T08:37:05.351-06:00 DEBUG 20036 --- [           main] org.hibernate.orm.sql.exec               : Skipping reading Query result cache data: cache-enabled = false, cache-mode = NORMAL
2025-01-09T08:37:05.351-06:00 DEBUG 20036 --- [           main] org.hibernate.orm.results                : Initializer list:
	  com.chatgenius.model.User(1605032036800) -> EntityResultInitializer(com.chatgenius.model.User(1605032036800))@1436049448 (SingleTableEntityPersister(com.chatgenius.model.User))

2025-01-09T08:37:05.351-06:00 DEBUG 20036 --- [           main] org.hibernate.SQL                        : 
    select
        u1_0.id,
        u1_0.created_at,
        u1_0.email,
        u1_0.last_seen_at,
        u1_0.password,
        u1_0.status,
        u1_0.username 
    from
        users u1_0
Hibernate: 
    select
        u1_0.id,
        u1_0.created_at,
        u1_0.email,
        u1_0.last_seen_at,
        u1_0.password,
        u1_0.status,
        u1_0.username 
    from
        users u1_0
2025-01-09T08:37:05.352-06:00 DEBUG 20036 --- [           main] org.springframework.test.context.cache   : Spring test ApplicationContext cache statistics: [DefaultContextCache@3bd6ce4e size = 4, maxSize = 32, parentContextCount = 0, hitCount = 253, missCount = 8, failureCount = 1]
2025-01-09T08:37:05.352-06:00 DEBUG 20036 --- [           main] o.s.orm.jpa.JpaTransactionManager        : Found thread-bound EntityManager [SessionImpl(2052833283<open>)] for JPA transaction
2025-01-09T08:37:05.352-06:00 DEBUG 20036 --- [           main] o.s.orm.jpa.JpaTransactionManager        : Participating in existing transaction
2025-01-09T08:37:05.352-06:00 DEBUG 20036 --- [           main] o.h.j.internal.PersistenceUnitUtilImpl   : jakarta.persistence.PersistenceUnitUtil.getIdentifier is only intended to work with enhanced entities (although Hibernate also adapts this support to its proxies); however the passed entity was not enhanced (nor a proxy).. may not be able to read identifier
2025-01-09T08:37:05.352-06:00 DEBUG 20036 --- [           main] o.h.e.i.AbstractSaveEventListener        : Generated identifier: 62606370-a325-48c9-b3e4-3998e47d90db, using strategy: org.hibernate.id.UUIDGenerator
2025-01-09T08:37:05.353-06:00 DEBUG 20036 --- [           main] org.hibernate.orm.sql.ast.create         : Created new SQL alias : u1_0
2025-01-09T08:37:05.353-06:00 DEBUG 20036 --- [           main] org.hibernate.orm.sql.ast.create         : Registration of TableGroup [StandardTableGroup(com.chatgenius.model.User(1604308450400))] with identifierForTableGroup [com.chatgenius.model.User] for NavigablePath [com.chatgenius.model.User] 
2025-01-09T08:37:05.353-06:00 DEBUG 20036 --- [           main] o.h.q.sqm.sql.BaseSqmToSqlAstConverter   : Determining mapping-model type for SqmParameter : org.hibernate.query.sqm.tree.expression.SqmJpaCriteriaParameterWrapper@1ccf3a7f
2025-01-09T08:37:05.353-06:00 DEBUG 20036 --- [           main] o.h.q.sqm.sql.BaseSqmToSqlAstConverter   : Determining mapping-model type for SqmPath : SqmBasicValuedSimplePath(com.chatgenius.model.User(1604308450400).username) 
2025-01-09T08:37:05.353-06:00 DEBUG 20036 --- [           main] org.hibernate.orm.results.graph.AST      : DomainResult Graph:
 \-EntityResultImpl [com.chatgenius.model.User(1604308450400)]
 |  +-BasicFetch [com.chatgenius.model.User(1604308450400).createdAt]
 |  +-BasicFetch [com.chatgenius.model.User(1604308450400).email]
 |  +-BasicFetch [com.chatgenius.model.User(1604308450400).lastSeenAt]
 |  +-BasicFetch [com.chatgenius.model.User(1604308450400).password]
 |  +-BasicFetch [com.chatgenius.model.User(1604308450400).status]
 |  \-BasicFetch [com.chatgenius.model.User(1604308450400).username]

2025-01-09T08:37:05.353-06:00 DEBUG 20036 --- [           main] org.hibernate.orm.sql.ast.tree           : SQL AST Tree:
    SelectStatement {
      FromClause {
        StandardTableGroup (u1 : com.chatgenius.model.User(1604308450400)) {
          primaryTableReference : users as u1_0
        }
      }
    }

2025-01-09T08:37:05.354-06:00 DEBUG 20036 --- [           main] o.h.e.i.AbstractFlushingEventListener    : Processing flush-time cascades
2025-01-09T08:37:05.354-06:00 DEBUG 20036 --- [           main] o.h.e.i.AbstractFlushingEventListener    : Dirty checking collections
2025-01-09T08:37:05.354-06:00 DEBUG 20036 --- [           main] o.h.e.i.AbstractFlushingEventListener    : Flushed: 1 insertions, 0 updates, 0 deletions to 1 objects
2025-01-09T08:37:05.354-06:00 DEBUG 20036 --- [           main] o.h.e.i.AbstractFlushingEventListener    : Flushed: 0 (re)creations, 0 updates, 0 removals to 0 collections
2025-01-09T08:37:05.354-06:00 DEBUG 20036 --- [           main] o.hibernate.internal.util.EntityPrinter  : Listing entities:
2025-01-09T08:37:05.354-06:00 DEBUG 20036 --- [           main] o.hibernate.internal.util.EntityPrinter  : com.chatgenius.model.User{lastSeenAt=null, createdAt=2025-01-09T08:37:05.352237900-06:00[America/Chicago], password=password123, id=62606370-a325-48c9-b3e4-3998e47d90db, email=test@example.com, status=OFFLINE, username=testuser}
2025-01-09T08:37:05.354-06:00 DEBUG 20036 --- [           main] org.hibernate.engine.spi.ActionQueue     : Changes must be flushed to space: users
2025-01-09T08:37:05.354-06:00 DEBUG 20036 --- [           main] org.hibernate.SQL                        : 
    insert 
    into
        users
        (created_at, email, last_seen_at, password, status, username, id) 
    values
        (?, ?, ?, ?, ?, ?, ?)
Hibernate: 
    insert 
    into
        users
        (created_at, email, last_seen_at, password, status, username, id) 
    values
        (?, ?, ?, ?, ?, ?, ?)
2025-01-09T08:37:05.354-06:00 DEBUG 20036 --- [           main] org.hibernate.orm.sql.exec               : Skipping reading Query result cache data: cache-enabled = false, cache-mode = NORMAL
2025-01-09T08:37:05.354-06:00 DEBUG 20036 --- [           main] org.hibernate.orm.results                : Initializer list:
	  com.chatgenius.model.User(1604308450400) -> EntityResultInitializer(com.chatgenius.model.User(1604308450400))@1725891891 (SingleTableEntityPersister(com.chatgenius.model.User))

2025-01-09T08:37:05.354-06:00 DEBUG 20036 --- [           main] org.hibernate.SQL                        : 
    select
        u1_0.id,
        u1_0.created_at,
        u1_0.email,
        u1_0.last_seen_at,
        u1_0.password,
        u1_0.status,
        u1_0.username 
    from
        users u1_0 
    where
        u1_0.username=?
Hibernate: 
    select
        u1_0.id,
        u1_0.created_at,
        u1_0.email,
        u1_0.last_seen_at,
        u1_0.password,
        u1_0.status,
        u1_0.username 
    from
        users u1_0 
    where
        u1_0.username=?
2025-01-09T08:37:05.354-06:00 DEBUG 20036 --- [           main] org.hibernate.orm.results                : Extracted JDBC value [0] - [62606370-a325-48c9-b3e4-3998e47d90db]
2025-01-09T08:37:05.354-06:00 DEBUG 20036 --- [           main] o.hibernate.orm.results.loading.entity   : (EntityResultInitializer) Hydrated EntityKey (com.chatgenius.model.User(1604308450400)): 62606370-a325-48c9-b3e4-3998e47d90db
2025-01-09T08:37:05.354-06:00 DEBUG 20036 --- [           main] org.hibernate.orm.results.loading        : Calling top-level assembler (0 / 1) : org.hibernate.sql.results.graph.entity.internal.EntityAssembler@d2bca33
2025-01-09T08:37:05.355-06:00 DEBUG 20036 --- [           main] org.springframework.test.context.cache   : Spring test ApplicationContext cache statistics: [DefaultContextCache@3bd6ce4e size = 4, maxSize = 32, parentContextCount = 0, hitCount = 254, missCount = 8, failureCount = 1]
2025-01-09T08:37:05.355-06:00 DEBUG 20036 --- [           main] org.springframework.test.context.cache   : Spring test ApplicationContext cache statistics: [DefaultContextCache@3bd6ce4e size = 4, maxSize = 32, parentContextCount = 0, hitCount = 255, missCount = 8, failureCount = 1]
2025-01-09T08:37:05.355-06:00 DEBUG 20036 --- [           main] org.springframework.test.context.cache   : Spring test ApplicationContext cache statistics: [DefaultContextCache@3bd6ce4e size = 4, maxSize = 32, parentContextCount = 0, hitCount = 256, missCount = 8, failureCount = 1]
2025-01-09T08:37:05.355-06:00 DEBUG 20036 --- [           main] org.springframework.test.context.cache   : Spring test ApplicationContext cache statistics: [DefaultContextCache@3bd6ce4e size = 4, maxSize = 32, parentContextCount = 0, hitCount = 257, missCount = 8, failureCount = 1]
2025-01-09T08:37:05.356-06:00 DEBUG 20036 --- [           main] org.springframework.test.context.cache   : Spring test ApplicationContext cache statistics: [DefaultContextCache@3bd6ce4e size = 4, maxSize = 32, parentContextCount = 0, hitCount = 258, missCount = 8, failureCount = 1]
2025-01-09T08:37:05.356-06:00 DEBUG 20036 --- [           main] org.springframework.test.context.cache   : Spring test ApplicationContext cache statistics: [DefaultContextCache@3bd6ce4e size = 4, maxSize = 32, parentContextCount = 0, hitCount = 259, missCount = 8, failureCount = 1]
2025-01-09T08:37:05.356-06:00 DEBUG 20036 --- [           main] org.springframework.test.context.cache   : Spring test ApplicationContext cache statistics: [DefaultContextCache@3bd6ce4e size = 4, maxSize = 32, parentContextCount = 0, hitCount = 260, missCount = 8, failureCount = 1]
2025-01-09T08:37:05.356-06:00 DEBUG 20036 --- [           main] o.s.orm.jpa.JpaTransactionManager        : Initiating transaction rollback
2025-01-09T08:37:05.356-06:00 DEBUG 20036 --- [           main] o.s.orm.jpa.JpaTransactionManager        : Rolling back JPA transaction on EntityManager [SessionImpl(2052833283<open>)]
2025-01-09T08:37:05.356-06:00 DEBUG 20036 --- [           main] o.h.e.t.internal.TransactionImpl         : rolling back
2025-01-09T08:37:05.356-06:00 DEBUG 20036 --- [           main] o.s.orm.jpa.JpaTransactionManager        : Closing JPA EntityManager [SessionImpl(2052833283<open>)] after transaction
2025-01-09T08:37:05.356-06:00 DEBUG 20036 --- [           main] o.s.t.c.transaction.TransactionContext   : Rolled back transaction (1) for test class [com.chatgenius.repository.UserRepositoryTest]; test method [findByUsername_Success]
2025-01-09T08:37:05.356-06:00 DEBUG 20036 --- [           main] .c.s.DirtiesContextTestExecutionListener : After test method: class [UserRepositoryTest], method [findByUsername_Success], class annotated with @DirtiesContext [false] with mode [null], method annotated with @DirtiesContext [false] with mode [null]
]]></system-out>
  </testcase>
  <testcase name="createUser_Success" classname="com.chatgenius.repository.UserRepositoryTest" time="0.004">
    <system-out><![CDATA[2025-01-09T08:37:05.356-06:00 DEBUG 20036 --- [           main] DependencyInjectionTestExecutionListener : Performing dependency injection for test class com.chatgenius.repository.UserRepositoryTest
2025-01-09T08:37:05.357-06:00 DEBUG 20036 --- [           main] org.springframework.test.context.cache   : Spring test ApplicationContext cache statistics: [DefaultContextCache@3bd6ce4e size = 4, maxSize = 32, parentContextCount = 0, hitCount = 261, missCount = 8, failureCount = 1]
2025-01-09T08:37:05.357-06:00 DEBUG 20036 --- [           main] org.springframework.test.context.cache   : Spring test ApplicationContext cache statistics: [DefaultContextCache@3bd6ce4e size = 4, maxSize = 32, parentContextCount = 0, hitCount = 262, missCount = 8, failureCount = 1]
2025-01-09T08:37:05.357-06:00 DEBUG 20036 --- [           main] sContextBeforeModesTestExecutionListener : Before test method: class [UserRepositoryTest], method [createUser_Success], class annotated with @DirtiesContext [false] with mode [null], method annotated with @DirtiesContext [false] with mode [null]
2025-01-09T08:37:05.357-06:00 DEBUG 20036 --- [           main] t.c.t.TransactionalTestExecutionListener : Explicit transaction definition [PROPAGATION_REQUIRED,ISOLATION_DEFAULT] found for test class [com.chatgenius.repository.UserRepositoryTest] and test method [createUser_Success]
2025-01-09T08:37:05.357-06:00 DEBUG 20036 --- [           main] org.springframework.test.context.cache   : Spring test ApplicationContext cache statistics: [DefaultContextCache@3bd6ce4e size = 4, maxSize = 32, parentContextCount = 0, hitCount = 263, missCount = 8, failureCount = 1]
2025-01-09T08:37:05.357-06:00 DEBUG 20036 --- [           main] t.c.t.TransactionalTestExecutionListener : No method-level @Rollback override: using default rollback [true] for test method [void com.chatgenius.repository.UserRepositoryTest.createUser_Success()]
2025-01-09T08:37:05.357-06:00 DEBUG 20036 --- [           main] o.s.orm.jpa.JpaTransactionManager        : Creating new transaction with name [com.chatgenius.repository.UserRepositoryTest.createUser_Success]: PROPAGATION_REQUIRED,ISOLATION_DEFAULT
2025-01-09T08:37:05.357-06:00 DEBUG 20036 --- [           main] o.s.orm.jpa.JpaTransactionManager        : Opened new EntityManager [SessionImpl(323203128<open>)] for JPA transaction
2025-01-09T08:37:05.357-06:00 DEBUG 20036 --- [           main] o.h.e.t.internal.TransactionImpl         : On TransactionImpl creation, JpaCompliance#isJpaTransactionComplianceEnabled == false
2025-01-09T08:37:05.357-06:00 DEBUG 20036 --- [           main] o.h.e.t.internal.TransactionImpl         : begin
2025-01-09T08:37:05.357-06:00 DEBUG 20036 --- [           main] o.s.j.datasource.SimpleDriverDataSource  : Creating new JDBC Driver Connection to [jdbc:h2:mem:c28bcf25-0d96-40ed-b42d-6242cefd62bf;DB_CLOSE_DELAY=-1;DB_CLOSE_ON_EXIT=false]
2025-01-09T08:37:05.357-06:00 DEBUG 20036 --- [           main] o.s.orm.jpa.JpaTransactionManager        : Exposing JPA transaction as JDBC [org.springframework.orm.jpa.vendor.HibernateJpaDialect$HibernateConnectionHandle@295cab5d]
2025-01-09T08:37:05.357-06:00 DEBUG 20036 --- [           main] o.s.t.c.transaction.TransactionContext   : Began transaction (1) for test class [com.chatgenius.repository.UserRepositoryTest]; test method [createUser_Success]; transaction manager [org.springframework.orm.jpa.JpaTransactionManager@6af5b172]; rollback [true]
2025-01-09T08:37:05.358-06:00 DEBUG 20036 --- [           main] org.springframework.test.context.cache   : Spring test ApplicationContext cache statistics: [DefaultContextCache@3bd6ce4e size = 4, maxSize = 32, parentContextCount = 0, hitCount = 264, missCount = 8, failureCount = 1]
2025-01-09T08:37:05.358-06:00 DEBUG 20036 --- [           main] org.springframework.test.context.cache   : Spring test ApplicationContext cache statistics: [DefaultContextCache@3bd6ce4e size = 4, maxSize = 32, parentContextCount = 0, hitCount = 265, missCount = 8, failureCount = 1]
2025-01-09T08:37:05.358-06:00 DEBUG 20036 --- [           main] o.s.orm.jpa.JpaTransactionManager        : Found thread-bound EntityManager [SessionImpl(323203128<open>)] for JPA transaction
2025-01-09T08:37:05.358-06:00 DEBUG 20036 --- [           main] o.s.orm.jpa.JpaTransactionManager        : Participating in existing transaction
2025-01-09T08:37:05.358-06:00 DEBUG 20036 --- [           main] org.hibernate.orm.sql.ast.create         : Created new SQL alias : u1_0
2025-01-09T08:37:05.358-06:00 DEBUG 20036 --- [           main] org.hibernate.orm.sql.ast.create         : Registration of TableGroup [StandardTableGroup(com.chatgenius.model.User(1605039373500))] with identifierForTableGroup [com.chatgenius.model.User] for NavigablePath [com.chatgenius.model.User] 
2025-01-09T08:37:05.358-06:00 DEBUG 20036 --- [           main] org.hibernate.orm.results.graph.AST      : DomainResult Graph:
 \-EntityResultImpl [com.chatgenius.model.User(1605039373500)]
 |  +-BasicFetch [com.chatgenius.model.User(1605039373500).createdAt]
 |  +-BasicFetch [com.chatgenius.model.User(1605039373500).email]
 |  +-BasicFetch [com.chatgenius.model.User(1605039373500).lastSeenAt]
 |  +-BasicFetch [com.chatgenius.model.User(1605039373500).password]
 |  +-BasicFetch [com.chatgenius.model.User(1605039373500).status]
 |  \-BasicFetch [com.chatgenius.model.User(1605039373500).username]

2025-01-09T08:37:05.358-06:00 DEBUG 20036 --- [           main] org.hibernate.orm.sql.ast.tree           : SQL AST Tree:
    SelectStatement {
      FromClause {
        StandardTableGroup (u1 : com.chatgenius.model.User(1605039373500)) {
          primaryTableReference : users as u1_0
        }
      }
    }

2025-01-09T08:37:05.358-06:00 DEBUG 20036 --- [           main] org.hibernate.orm.sql.exec               : Skipping reading Query result cache data: cache-enabled = false, cache-mode = NORMAL
2025-01-09T08:37:05.358-06:00 DEBUG 20036 --- [           main] org.hibernate.orm.results                : Initializer list:
	  com.chatgenius.model.User(1605039373500) -> EntityResultInitializer(com.chatgenius.model.User(1605039373500))@1032554639 (SingleTableEntityPersister(com.chatgenius.model.User))

2025-01-09T08:37:05.358-06:00 DEBUG 20036 --- [           main] org.hibernate.SQL                        : 
    select
        u1_0.id,
        u1_0.created_at,
        u1_0.email,
        u1_0.last_seen_at,
        u1_0.password,
        u1_0.status,
        u1_0.username 
    from
        users u1_0
Hibernate: 
    select
        u1_0.id,
        u1_0.created_at,
        u1_0.email,
        u1_0.last_seen_at,
        u1_0.password,
        u1_0.status,
        u1_0.username 
    from
        users u1_0
2025-01-09T08:37:05.359-06:00 DEBUG 20036 --- [           main] org.springframework.test.context.cache   : Spring test ApplicationContext cache statistics: [DefaultContextCache@3bd6ce4e size = 4, maxSize = 32, parentContextCount = 0, hitCount = 266, missCount = 8, failureCount = 1]
2025-01-09T08:37:05.359-06:00 DEBUG 20036 --- [           main] o.s.orm.jpa.JpaTransactionManager        : Found thread-bound EntityManager [SessionImpl(323203128<open>)] for JPA transaction
2025-01-09T08:37:05.359-06:00 DEBUG 20036 --- [           main] o.s.orm.jpa.JpaTransactionManager        : Participating in existing transaction
2025-01-09T08:37:05.359-06:00 DEBUG 20036 --- [           main] o.h.j.internal.PersistenceUnitUtilImpl   : jakarta.persistence.PersistenceUnitUtil.getIdentifier is only intended to work with enhanced entities (although Hibernate also adapts this support to its proxies); however the passed entity was not enhanced (nor a proxy).. may not be able to read identifier
2025-01-09T08:37:05.359-06:00 DEBUG 20036 --- [           main] o.h.e.i.AbstractSaveEventListener        : Generated identifier: 0e7e9fac-6344-402d-9352-4bfa0d6bcfad, using strategy: org.hibernate.id.UUIDGenerator
2025-01-09T08:37:05.360-06:00 DEBUG 20036 --- [           main] org.springframework.test.context.cache   : Spring test ApplicationContext cache statistics: [DefaultContextCache@3bd6ce4e size = 4, maxSize = 32, parentContextCount = 0, hitCount = 267, missCount = 8, failureCount = 1]
2025-01-09T08:37:05.360-06:00 DEBUG 20036 --- [           main] org.springframework.test.context.cache   : Spring test ApplicationContext cache statistics: [DefaultContextCache@3bd6ce4e size = 4, maxSize = 32, parentContextCount = 0, hitCount = 268, missCount = 8, failureCount = 1]
2025-01-09T08:37:05.360-06:00 DEBUG 20036 --- [           main] org.springframework.test.context.cache   : Spring test ApplicationContext cache statistics: [DefaultContextCache@3bd6ce4e size = 4, maxSize = 32, parentContextCount = 0, hitCount = 269, missCount = 8, failureCount = 1]
2025-01-09T08:37:05.360-06:00 DEBUG 20036 --- [           main] org.springframework.test.context.cache   : Spring test ApplicationContext cache statistics: [DefaultContextCache@3bd6ce4e size = 4, maxSize = 32, parentContextCount = 0, hitCount = 270, missCount = 8, failureCount = 1]
2025-01-09T08:37:05.360-06:00 DEBUG 20036 --- [           main] org.springframework.test.context.cache   : Spring test ApplicationContext cache statistics: [DefaultContextCache@3bd6ce4e size = 4, maxSize = 32, parentContextCount = 0, hitCount = 271, missCount = 8, failureCount = 1]
2025-01-09T08:37:05.361-06:00 DEBUG 20036 --- [           main] org.springframework.test.context.cache   : Spring test ApplicationContext cache statistics: [DefaultContextCache@3bd6ce4e size = 4, maxSize = 32, parentContextCount = 0, hitCount = 272, missCount = 8, failureCount = 1]
2025-01-09T08:37:05.361-06:00 DEBUG 20036 --- [           main] org.springframework.test.context.cache   : Spring test ApplicationContext cache statistics: [DefaultContextCache@3bd6ce4e size = 4, maxSize = 32, parentContextCount = 0, hitCount = 273, missCount = 8, failureCount = 1]
2025-01-09T08:37:05.361-06:00 DEBUG 20036 --- [           main] o.s.orm.jpa.JpaTransactionManager        : Initiating transaction rollback
2025-01-09T08:37:05.361-06:00 DEBUG 20036 --- [           main] o.s.orm.jpa.JpaTransactionManager        : Rolling back JPA transaction on EntityManager [SessionImpl(323203128<open>)]
2025-01-09T08:37:05.361-06:00 DEBUG 20036 --- [           main] o.h.e.t.internal.TransactionImpl         : rolling back
2025-01-09T08:37:05.361-06:00 DEBUG 20036 --- [           main] o.s.orm.jpa.JpaTransactionManager        : Closing JPA EntityManager [SessionImpl(323203128<open>)] after transaction
2025-01-09T08:37:05.361-06:00 DEBUG 20036 --- [           main] o.s.t.c.transaction.TransactionContext   : Rolled back transaction (1) for test class [com.chatgenius.repository.UserRepositoryTest]; test method [createUser_Success]
2025-01-09T08:37:05.361-06:00 DEBUG 20036 --- [           main] .c.s.DirtiesContextTestExecutionListener : After test method: class [UserRepositoryTest], method [createUser_Success], class annotated with @DirtiesContext [false] with mode [null], method annotated with @DirtiesContext [false] with mode [null]
]]></system-out>
  </testcase>
  <testcase name="findByEmail_Success" classname="com.chatgenius.repository.UserRepositoryTest" time="0.004">
    <system-out><![CDATA[2025-01-09T08:37:05.361-06:00 DEBUG 20036 --- [           main] DependencyInjectionTestExecutionListener : Performing dependency injection for test class com.chatgenius.repository.UserRepositoryTest
2025-01-09T08:37:05.361-06:00 DEBUG 20036 --- [           main] org.springframework.test.context.cache   : Spring test ApplicationContext cache statistics: [DefaultContextCache@3bd6ce4e size = 4, maxSize = 32, parentContextCount = 0, hitCount = 274, missCount = 8, failureCount = 1]
2025-01-09T08:37:05.362-06:00 DEBUG 20036 --- [           main] org.springframework.test.context.cache   : Spring test ApplicationContext cache statistics: [DefaultContextCache@3bd6ce4e size = 4, maxSize = 32, parentContextCount = 0, hitCount = 275, missCount = 8, failureCount = 1]
2025-01-09T08:37:05.362-06:00 DEBUG 20036 --- [           main] sContextBeforeModesTestExecutionListener : Before test method: class [UserRepositoryTest], method [findByEmail_Success], class annotated with @DirtiesContext [false] with mode [null], method annotated with @DirtiesContext [false] with mode [null]
2025-01-09T08:37:05.362-06:00 DEBUG 20036 --- [           main] t.c.t.TransactionalTestExecutionListener : Explicit transaction definition [PROPAGATION_REQUIRED,ISOLATION_DEFAULT] found for test class [com.chatgenius.repository.UserRepositoryTest] and test method [findByEmail_Success]
2025-01-09T08:37:05.362-06:00 DEBUG 20036 --- [           main] org.springframework.test.context.cache   : Spring test ApplicationContext cache statistics: [DefaultContextCache@3bd6ce4e size = 4, maxSize = 32, parentContextCount = 0, hitCount = 276, missCount = 8, failureCount = 1]
2025-01-09T08:37:05.362-06:00 DEBUG 20036 --- [           main] t.c.t.TransactionalTestExecutionListener : No method-level @Rollback override: using default rollback [true] for test method [void com.chatgenius.repository.UserRepositoryTest.findByEmail_Success()]
2025-01-09T08:37:05.362-06:00 DEBUG 20036 --- [           main] o.s.orm.jpa.JpaTransactionManager        : Creating new transaction with name [com.chatgenius.repository.UserRepositoryTest.findByEmail_Success]: PROPAGATION_REQUIRED,ISOLATION_DEFAULT
2025-01-09T08:37:05.362-06:00 DEBUG 20036 --- [           main] o.s.orm.jpa.JpaTransactionManager        : Opened new EntityManager [SessionImpl(718122227<open>)] for JPA transaction
2025-01-09T08:37:05.362-06:00 DEBUG 20036 --- [           main] o.h.e.t.internal.TransactionImpl         : On TransactionImpl creation, JpaCompliance#isJpaTransactionComplianceEnabled == false
2025-01-09T08:37:05.362-06:00 DEBUG 20036 --- [           main] o.h.e.t.internal.TransactionImpl         : begin
2025-01-09T08:37:05.362-06:00 DEBUG 20036 --- [           main] o.s.j.datasource.SimpleDriverDataSource  : Creating new JDBC Driver Connection to [jdbc:h2:mem:c28bcf25-0d96-40ed-b42d-6242cefd62bf;DB_CLOSE_DELAY=-1;DB_CLOSE_ON_EXIT=false]
2025-01-09T08:37:05.362-06:00 DEBUG 20036 --- [           main] o.s.orm.jpa.JpaTransactionManager        : Exposing JPA transaction as JDBC [org.springframework.orm.jpa.vendor.HibernateJpaDialect$HibernateConnectionHandle@73090cd8]
2025-01-09T08:37:05.362-06:00 DEBUG 20036 --- [           main] o.s.t.c.transaction.TransactionContext   : Began transaction (1) for test class [com.chatgenius.repository.UserRepositoryTest]; test method [findByEmail_Success]; transaction manager [org.springframework.orm.jpa.JpaTransactionManager@6af5b172]; rollback [true]
2025-01-09T08:37:05.362-06:00 DEBUG 20036 --- [           main] org.springframework.test.context.cache   : Spring test ApplicationContext cache statistics: [DefaultContextCache@3bd6ce4e size = 4, maxSize = 32, parentContextCount = 0, hitCount = 277, missCount = 8, failureCount = 1]
2025-01-09T08:37:05.362-06:00 DEBUG 20036 --- [           main] org.springframework.test.context.cache   : Spring test ApplicationContext cache statistics: [DefaultContextCache@3bd6ce4e size = 4, maxSize = 32, parentContextCount = 0, hitCount = 278, missCount = 8, failureCount = 1]
2025-01-09T08:37:05.362-06:00 DEBUG 20036 --- [           main] o.s.orm.jpa.JpaTransactionManager        : Found thread-bound EntityManager [SessionImpl(718122227<open>)] for JPA transaction
2025-01-09T08:37:05.362-06:00 DEBUG 20036 --- [           main] o.s.orm.jpa.JpaTransactionManager        : Participating in existing transaction
2025-01-09T08:37:05.363-06:00 DEBUG 20036 --- [           main] org.hibernate.orm.sql.ast.create         : Created new SQL alias : u1_0
2025-01-09T08:37:05.363-06:00 DEBUG 20036 --- [           main] org.hibernate.orm.sql.ast.create         : Registration of TableGroup [StandardTableGroup(com.chatgenius.model.User(1605043848600))] with identifierForTableGroup [com.chatgenius.model.User] for NavigablePath [com.chatgenius.model.User] 
2025-01-09T08:37:05.363-06:00 DEBUG 20036 --- [           main] org.hibernate.orm.results.graph.AST      : DomainResult Graph:
 \-EntityResultImpl [com.chatgenius.model.User(1605043848600)]
 |  +-BasicFetch [com.chatgenius.model.User(1605043848600).createdAt]
 |  +-BasicFetch [com.chatgenius.model.User(1605043848600).email]
 |  +-BasicFetch [com.chatgenius.model.User(1605043848600).lastSeenAt]
 |  +-BasicFetch [com.chatgenius.model.User(1605043848600).password]
 |  +-BasicFetch [com.chatgenius.model.User(1605043848600).status]
 |  \-BasicFetch [com.chatgenius.model.User(1605043848600).username]

2025-01-09T08:37:05.363-06:00 DEBUG 20036 --- [           main] org.hibernate.orm.sql.ast.tree           : SQL AST Tree:
    SelectStatement {
      FromClause {
        StandardTableGroup (u1 : com.chatgenius.model.User(1605043848600)) {
          primaryTableReference : users as u1_0
        }
      }
    }

2025-01-09T08:37:05.363-06:00 DEBUG 20036 --- [           main] org.hibernate.orm.sql.exec               : Skipping reading Query result cache data: cache-enabled = false, cache-mode = NORMAL
2025-01-09T08:37:05.363-06:00 DEBUG 20036 --- [           main] org.hibernate.orm.results                : Initializer list:
	  com.chatgenius.model.User(1605043848600) -> EntityResultInitializer(com.chatgenius.model.User(1605043848600))@1483747984 (SingleTableEntityPersister(com.chatgenius.model.User))

2025-01-09T08:37:05.363-06:00 DEBUG 20036 --- [           main] org.hibernate.SQL                        : 
    select
        u1_0.id,
        u1_0.created_at,
        u1_0.email,
        u1_0.last_seen_at,
        u1_0.password,
        u1_0.status,
        u1_0.username 
    from
        users u1_0
Hibernate: 
    select
        u1_0.id,
        u1_0.created_at,
        u1_0.email,
        u1_0.last_seen_at,
        u1_0.password,
        u1_0.status,
        u1_0.username 
    from
        users u1_0
2025-01-09T08:37:05.363-06:00 DEBUG 20036 --- [           main] org.springframework.test.context.cache   : Spring test ApplicationContext cache statistics: [DefaultContextCache@3bd6ce4e size = 4, maxSize = 32, parentContextCount = 0, hitCount = 279, missCount = 8, failureCount = 1]
2025-01-09T08:37:05.363-06:00 DEBUG 20036 --- [           main] o.s.orm.jpa.JpaTransactionManager        : Found thread-bound EntityManager [SessionImpl(718122227<open>)] for JPA transaction
2025-01-09T08:37:05.363-06:00 DEBUG 20036 --- [           main] o.s.orm.jpa.JpaTransactionManager        : Participating in existing transaction
2025-01-09T08:37:05.363-06:00 DEBUG 20036 --- [           main] o.h.j.internal.PersistenceUnitUtilImpl   : jakarta.persistence.PersistenceUnitUtil.getIdentifier is only intended to work with enhanced entities (although Hibernate also adapts this support to its proxies); however the passed entity was not enhanced (nor a proxy).. may not be able to read identifier
2025-01-09T08:37:05.364-06:00 DEBUG 20036 --- [           main] o.h.e.i.AbstractSaveEventListener        : Generated identifier: fb53a502-581e-4cd5-94b6-1eae762163be, using strategy: org.hibernate.id.UUIDGenerator
2025-01-09T08:37:05.364-06:00 DEBUG 20036 --- [           main] org.hibernate.orm.sql.ast.create         : Created new SQL alias : u1_0
2025-01-09T08:37:05.364-06:00 DEBUG 20036 --- [           main] org.hibernate.orm.sql.ast.create         : Registration of TableGroup [StandardTableGroup(com.chatgenius.model.User(1604302198500))] with identifierForTableGroup [com.chatgenius.model.User] for NavigablePath [com.chatgenius.model.User] 
2025-01-09T08:37:05.364-06:00 DEBUG 20036 --- [           main] o.h.q.sqm.sql.BaseSqmToSqlAstConverter   : Determining mapping-model type for SqmParameter : org.hibernate.query.sqm.tree.expression.SqmJpaCriteriaParameterWrapper@6d782f9
2025-01-09T08:37:05.364-06:00 DEBUG 20036 --- [           main] o.h.q.sqm.sql.BaseSqmToSqlAstConverter   : Determining mapping-model type for SqmPath : SqmBasicValuedSimplePath(com.chatgenius.model.User(1604302198500).email) 
2025-01-09T08:37:05.364-06:00 DEBUG 20036 --- [           main] org.hibernate.orm.results.graph.AST      : DomainResult Graph:
 \-EntityResultImpl [com.chatgenius.model.User(1604302198500)]
 |  +-BasicFetch [com.chatgenius.model.User(1604302198500).createdAt]
 |  +-BasicFetch [com.chatgenius.model.User(1604302198500).email]
 |  +-BasicFetch [com.chatgenius.model.User(1604302198500).lastSeenAt]
 |  +-BasicFetch [com.chatgenius.model.User(1604302198500).password]
 |  +-BasicFetch [com.chatgenius.model.User(1604302198500).status]
 |  \-BasicFetch [com.chatgenius.model.User(1604302198500).username]

2025-01-09T08:37:05.364-06:00 DEBUG 20036 --- [           main] org.hibernate.orm.sql.ast.tree           : SQL AST Tree:
    SelectStatement {
      FromClause {
        StandardTableGroup (u1 : com.chatgenius.model.User(1604302198500)) {
          primaryTableReference : users as u1_0
        }
      }
    }

2025-01-09T08:37:05.364-06:00 DEBUG 20036 --- [           main] o.h.e.i.AbstractFlushingEventListener    : Processing flush-time cascades
2025-01-09T08:37:05.364-06:00 DEBUG 20036 --- [           main] o.h.e.i.AbstractFlushingEventListener    : Dirty checking collections
2025-01-09T08:37:05.364-06:00 DEBUG 20036 --- [           main] o.h.e.i.AbstractFlushingEventListener    : Flushed: 1 insertions, 0 updates, 0 deletions to 1 objects
2025-01-09T08:37:05.364-06:00 DEBUG 20036 --- [           main] o.h.e.i.AbstractFlushingEventListener    : Flushed: 0 (re)creations, 0 updates, 0 removals to 0 collections
2025-01-09T08:37:05.364-06:00 DEBUG 20036 --- [           main] o.hibernate.internal.util.EntityPrinter  : Listing entities:
2025-01-09T08:37:05.364-06:00 DEBUG 20036 --- [           main] o.hibernate.internal.util.EntityPrinter  : com.chatgenius.model.User{lastSeenAt=null, createdAt=2025-01-09T08:37:05.363313200-06:00[America/Chicago], password=password123, id=fb53a502-581e-4cd5-94b6-1eae762163be, email=test@example.com, status=OFFLINE, username=testuser}
2025-01-09T08:37:05.364-06:00 DEBUG 20036 --- [           main] org.hibernate.engine.spi.ActionQueue     : Changes must be flushed to space: users
2025-01-09T08:37:05.364-06:00 DEBUG 20036 --- [           main] org.hibernate.SQL                        : 
    insert 
    into
        users
        (created_at, email, last_seen_at, password, status, username, id) 
    values
        (?, ?, ?, ?, ?, ?, ?)
Hibernate: 
    insert 
    into
        users
        (created_at, email, last_seen_at, password, status, username, id) 
    values
        (?, ?, ?, ?, ?, ?, ?)
2025-01-09T08:37:05.365-06:00 DEBUG 20036 --- [           main] org.hibernate.orm.sql.exec               : Skipping reading Query result cache data: cache-enabled = false, cache-mode = NORMAL
2025-01-09T08:37:05.365-06:00 DEBUG 20036 --- [           main] org.hibernate.orm.results                : Initializer list:
	  com.chatgenius.model.User(1604302198500) -> EntityResultInitializer(com.chatgenius.model.User(1604302198500))@1685415106 (SingleTableEntityPersister(com.chatgenius.model.User))

2025-01-09T08:37:05.365-06:00 DEBUG 20036 --- [           main] org.hibernate.SQL                        : 
    select
        u1_0.id,
        u1_0.created_at,
        u1_0.email,
        u1_0.last_seen_at,
        u1_0.password,
        u1_0.status,
        u1_0.username 
    from
        users u1_0 
    where
        u1_0.email=?
Hibernate: 
    select
        u1_0.id,
        u1_0.created_at,
        u1_0.email,
        u1_0.last_seen_at,
        u1_0.password,
        u1_0.status,
        u1_0.username 
    from
        users u1_0 
    where
        u1_0.email=?
2025-01-09T08:37:05.365-06:00 DEBUG 20036 --- [           main] org.hibernate.orm.results                : Extracted JDBC value [0] - [fb53a502-581e-4cd5-94b6-1eae762163be]
2025-01-09T08:37:05.365-06:00 DEBUG 20036 --- [           main] o.hibernate.orm.results.loading.entity   : (EntityResultInitializer) Hydrated EntityKey (com.chatgenius.model.User(1604302198500)): fb53a502-581e-4cd5-94b6-1eae762163be
2025-01-09T08:37:05.365-06:00 DEBUG 20036 --- [           main] org.hibernate.orm.results.loading        : Calling top-level assembler (0 / 1) : org.hibernate.sql.results.graph.entity.internal.EntityAssembler@4fc26399
2025-01-09T08:37:05.365-06:00 DEBUG 20036 --- [           main] org.springframework.test.context.cache   : Spring test ApplicationContext cache statistics: [DefaultContextCache@3bd6ce4e size = 4, maxSize = 32, parentContextCount = 0, hitCount = 280, missCount = 8, failureCount = 1]
2025-01-09T08:37:05.365-06:00 DEBUG 20036 --- [           main] org.springframework.test.context.cache   : Spring test ApplicationContext cache statistics: [DefaultContextCache@3bd6ce4e size = 4, maxSize = 32, parentContextCount = 0, hitCount = 281, missCount = 8, failureCount = 1]
2025-01-09T08:37:05.365-06:00 DEBUG 20036 --- [           main] org.springframework.test.context.cache   : Spring test ApplicationContext cache statistics: [DefaultContextCache@3bd6ce4e size = 4, maxSize = 32, parentContextCount = 0, hitCount = 282, missCount = 8, failureCount = 1]
2025-01-09T08:37:05.365-06:00 DEBUG 20036 --- [           main] org.springframework.test.context.cache   : Spring test ApplicationContext cache statistics: [DefaultContextCache@3bd6ce4e size = 4, maxSize = 32, parentContextCount = 0, hitCount = 283, missCount = 8, failureCount = 1]
2025-01-09T08:37:05.365-06:00 DEBUG 20036 --- [           main] org.springframework.test.context.cache   : Spring test ApplicationContext cache statistics: [DefaultContextCache@3bd6ce4e size = 4, maxSize = 32, parentContextCount = 0, hitCount = 284, missCount = 8, failureCount = 1]
2025-01-09T08:37:05.366-06:00 DEBUG 20036 --- [           main] org.springframework.test.context.cache   : Spring test ApplicationContext cache statistics: [DefaultContextCache@3bd6ce4e size = 4, maxSize = 32, parentContextCount = 0, hitCount = 285, missCount = 8, failureCount = 1]
2025-01-09T08:37:05.366-06:00 DEBUG 20036 --- [           main] org.springframework.test.context.cache   : Spring test ApplicationContext cache statistics: [DefaultContextCache@3bd6ce4e size = 4, maxSize = 32, parentContextCount = 0, hitCount = 286, missCount = 8, failureCount = 1]
2025-01-09T08:37:05.366-06:00 DEBUG 20036 --- [           main] o.s.orm.jpa.JpaTransactionManager        : Initiating transaction rollback
2025-01-09T08:37:05.366-06:00 DEBUG 20036 --- [           main] o.s.orm.jpa.JpaTransactionManager        : Rolling back JPA transaction on EntityManager [SessionImpl(718122227<open>)]
2025-01-09T08:37:05.366-06:00 DEBUG 20036 --- [           main] o.h.e.t.internal.TransactionImpl         : rolling back
2025-01-09T08:37:05.366-06:00 DEBUG 20036 --- [           main] o.s.orm.jpa.JpaTransactionManager        : Closing JPA EntityManager [SessionImpl(718122227<open>)] after transaction
2025-01-09T08:37:05.366-06:00 DEBUG 20036 --- [           main] o.s.t.c.transaction.TransactionContext   : Rolled back transaction (1) for test class [com.chatgenius.repository.UserRepositoryTest]; test method [findByEmail_Success]
2025-01-09T08:37:05.366-06:00 DEBUG 20036 --- [           main] .c.s.DirtiesContextTestExecutionListener : After test method: class [UserRepositoryTest], method [findByEmail_Success], class annotated with @DirtiesContext [false] with mode [null], method annotated with @DirtiesContext [false] with mode [null]
]]></system-out>
  </testcase>
</testsuite>