<?xml version="1.0" encoding="UTF-8"?>
<testsuite xmlns:xsi="http://www.w3.org/2001/XMLSchema-instance" xsi:noNamespaceSchemaLocation="https://maven.apache.org/surefire/maven-surefire-plugin/xsd/surefire-test-report-3.0.xsd" version="3.0" name="com.chatgenius.integration.DatabaseIntegrationTest" time="0.442" tests="2" errors="0" skipped="0" failures="0">
  <properties>
[...]
</properties>
  <testcase name="createMessage_Success" classname="com.chatgenius.integration.DatabaseIntegrationTest" time="0.134">
    <system-out><![CDATA[2025-01-09T08:37:04.357-06:00 DEBUG 20036 --- [           main] b.t.a.o.j.DataJpaTestContextBootstrapper : Neither @ContextConfiguration nor @ContextHierarchy found for test class [DatabaseIntegrationTest]: using SpringBootContextLoader
2025-01-09T08:37:04.358-06:00 DEBUG 20036 --- [           main] o.s.t.c.support.AbstractContextLoader    : Could not detect default resource locations for test class [com.chatgenius.integration.DatabaseIntegrationTest]: no resource found for suffixes {-context.xml, Context.groovy}.
2025-01-09T08:37:04.358-06:00  INFO 20036 --- [           main] t.c.s.AnnotationConfigContextLoaderUtils : Could not detect default configuration classes for test class [com.chatgenius.integration.DatabaseIntegrationTest]: DatabaseIntegrationTest does not declare any static, non-private, non-final, nested classes annotated with @Configuration.
2025-01-09T08:37:04.358-06:00 DEBUG 20036 --- [           main] b.t.a.o.j.DataJpaTestContextBootstrapper : Using ContextCustomizerFactory implementations for test class [DatabaseIntegrationTest]: [ImportsContextCustomizerFactory, ExcludeFilterContextCustomizerFactory, HttpGraphQlTesterContextCustomizerFactory, DuplicateJsonObjectContextCustomizerFactory, MockitoContextCustomizerFactory, TestRestTemplateContextCustomizerFactory, WebTestClientContextCustomizerFactory, OverrideAutoConfigurationContextCustomizerFactory, ObservabilityContextCustomizerFactory, TypeExcludeFiltersContextCustomizerFactory, PropertyMappingContextCustomizerFactory, WebDriverContextCustomizerFactory, MockServerContainerContextCustomizerFactory, DynamicPropertiesContextCustomizerFactory]
2025-01-09T08:37:04.362-06:00 DEBUG 20036 --- [           main] b.t.a.o.j.DataJpaTestContextBootstrapper : Using ContextCustomizers for test class [DatabaseIntegrationTest]: [ImportsContextCustomizer, ExcludeFilterContextCustomizer, DuplicateJsonObjectContextCustomizer, MockitoContextCustomizer, DisableAutoConfigurationContextCustomizer, DisableObservabilityContextCustomizer, TypeExcludeFiltersContextCustomizer, PropertyMappingContextCustomizer, WebDriverContextCustomizer]
2025-01-09T08:37:04.362-06:00  INFO 20036 --- [           main] .b.t.c.SpringBootTestContextBootstrapper : Found @SpringBootConfiguration com.chatgenius.ChatGeniusApplication for test class com.chatgenius.integration.DatabaseIntegrationTest
2025-01-09T08:37:04.363-06:00 DEBUG 20036 --- [           main] .s.t.c.u.TestContextSpringFactoriesUtils : Skipping candidate TestExecutionListener [org.springframework.test.context.observation.MicrometerObservationRegistryTestExecutionListener] due to a missing dependency. Specify custom TestExecutionListener classes or make the default TestExecutionListener classes and their required dependencies available. Offending class: io.micrometer.context.ThreadLocalAccessor. MicrometerObservationRegistryTestExecutionListener requires io.micrometer:micrometer-observation:1.10.8 or higher and io.micrometer:context-propagation:1.0.3 or higher.
2025-01-09T08:37:04.363-06:00 DEBUG 20036 --- [           main] b.t.a.o.j.DataJpaTestContextBootstrapper : Using TestExecutionListeners for test class [DatabaseIntegrationTest]: [ServletTestExecutionListener, DirtiesContextBeforeModesTestExecutionListener, ApplicationEventsTestExecutionListener, MockitoTestExecutionListener, DependencyInjectionTestExecutionListener, DirtiesContextTestExecutionListener, TransactionalTestExecutionListener, SqlScriptsTestExecutionListener, EventPublishingTestExecutionListener, WithSecurityContextTestExecutionListener, ReactorContextTestExecutionListener, ResetMocksTestExecutionListener, RestDocsTestExecutionListener, MockRestServiceServerResetTestExecutionListener, MockMvcPrintOnlyOnFailureTestExecutionListener, WebDriverTestExecutionListener, MockWebServiceServerTestExecutionListener]
2025-01-09T08:37:04.363-06:00 DEBUG 20036 --- [           main] sContextBeforeModesTestExecutionListener : Before test class: class [DatabaseIntegrationTest], class annotated with @DirtiesContext [false] with mode [null]
2025-01-09T08:37:04.363-06:00 DEBUG 20036 --- [           main] DependencyInjectionTestExecutionListener : Performing dependency injection for test class com.chatgenius.integration.DatabaseIntegrationTest
2025-01-09T08:37:04.368-06:00 DEBUG 20036 --- [           main] o.s.boot.env.OriginTrackedYamlLoader     : Loading from YAML: class path resource [application.yml]
2025-01-09T08:37:04.369-06:00 DEBUG 20036 --- [           main] o.s.boot.env.OriginTrackedYamlLoader     : Merging document (no matchers set): {spring={datasource={url=jdbc:postgresql://chatgenius-db.cvmyig8ccjbp.us-east-2.rds.amazonaws.com:5432/chatgenius, username=malibu, password=G0neCr4zee1!, driver-class-name=org.postgresql.Driver}, jpa={database-platform=org.hibernate.dialect.PostgreSQLDialect, hibernate={ddl-auto=validate}, show-sql=true}}, websocket={endpoint=/ws}}
2025-01-09T08:37:04.369-06:00 DEBUG 20036 --- [           main] o.s.boot.env.OriginTrackedYamlLoader     : Loaded 1 document from YAML resource: class path resource [application.yml]
2025-01-09T08:37:04.372-06:00 DEBUG 20036 --- [           main] o.s.boot.env.OriginTrackedYamlLoader     : Loading from YAML: class path resource [application-test.yml]
2025-01-09T08:37:04.373-06:00 DEBUG 20036 --- [           main] o.s.boot.env.OriginTrackedYamlLoader     : Merging document (no matchers set): {spring={datasource={url=jdbc:h2:mem:testdb;DB_CLOSE_DELAY=-1;DB_CLOSE_ON_EXIT=FALSE;MODE=PostgreSQL, username=sa, password=, driver-class-name=org.h2.Driver}, jpa={database-platform=org.hibernate.dialect.H2Dialect, hibernate={ddl-auto=create-drop}, show-sql=true, properties={hibernate={format_sql=true, dialect=org.hibernate.dialect.H2Dialect}}}, sql={init={mode=always}}, main={allow-bean-definition-overriding=true, allow-circular-references=true}}, jwt={secret=test-secret-key-for-jwt-token-generation-in-tests, expiration=86400000, refresh-expiration=604800000}, logging={level={org.springframework=DEBUG, org.hibernate=DEBUG, com.chatgenius=DEBUG}}, server={port=0}, websocket={endpoint=/ws, allowed-origins=*, destination-prefix=/topic}}
2025-01-09T08:37:04.373-06:00 DEBUG 20036 --- [           main] o.s.boot.env.OriginTrackedYamlLoader     : Loaded 1 document from YAML resource: class path resource [application-test.yml]
2025-01-09T08:37:04.374-06:00 DEBUG 20036 --- [           main] o.s.boot.ApplicationEnvironment          : Activating profiles [test]

  .   ____          _            __ _ _
 /\\ / ___'_ __ _ _(_)_ __  __ _ \ \ \ \
( ( )\___ | '_ | '_| | '_ \/ _` | \ \ \ \
 \\/  ___)| |_)| | | | | || (_| |  ) ) ) )
  '  |____| .__|_| |_|_| |_\__, | / / / /
 =========|_|==============|___/=/_/_/_/
 :: Spring Boot ::                (v3.2.1)

2025-01-09T08:37:04.379-06:00  INFO 20036 --- [           main] c.c.integration.DatabaseIntegrationTest  : Starting DatabaseIntegrationTest using Java 21.0.1 with PID 20036 (started by greed in J:\chatgeniusv2-backend)
2025-01-09T08:37:04.379-06:00 DEBUG 20036 --- [           main] c.c.integration.DatabaseIntegrationTest  : Running with Spring Boot v3.2.1, Spring v6.1.2
2025-01-09T08:37:04.379-06:00  INFO 20036 --- [           main] c.c.integration.DatabaseIntegrationTest  : The following 1 profile is active: "test"
2025-01-09T08:37:04.379-06:00 DEBUG 20036 --- [           main] o.s.boot.SpringApplication               : Loading source class com.chatgenius.ChatGeniusApplication
2025-01-09T08:37:04.380-06:00 DEBUG 20036 --- [           main] s.c.a.AnnotationConfigApplicationContext : Refreshing org.springframework.context.annotation.AnnotationConfigApplicationContext@2e754572
2025-01-09T08:37:04.380-06:00 DEBUG 20036 --- [           main] o.s.b.f.s.DefaultListableBeanFactory     : Creating shared instance of singleton bean 'org.springframework.context.annotation.internalConfigurationAnnotationProcessor'
2025-01-09T08:37:04.380-06:00 DEBUG 20036 --- [           main] o.s.b.f.s.DefaultListableBeanFactory     : Creating shared instance of singleton bean 'org.springframework.boot.autoconfigure.internalCachingMetadataReaderFactory'
2025-01-09T08:37:04.425-06:00  INFO 20036 --- [           main] .s.d.r.c.RepositoryConfigurationDelegate : Multiple Spring Data modules found, entering strict repository configuration mode
2025-01-09T08:37:04.425-06:00  INFO 20036 --- [           main] .s.d.r.c.RepositoryConfigurationDelegate : Bootstrapping Spring Data JPA repositories in DEFAULT mode.
2025-01-09T08:37:04.425-06:00 DEBUG 20036 --- [           main] o.s.b.f.s.DefaultListableBeanFactory     : Creating shared instance of singleton bean 'org.springframework.boot.autoconfigure.AutoConfigurationPackages'
2025-01-09T08:37:04.425-06:00 DEBUG 20036 --- [           main] o.s.b.a.AutoConfigurationPackages        : @EnableAutoConfiguration was declared on a class in the package 'com.chatgenius'. Automatic @Repository and @Entity scanning is enabled.
2025-01-09T08:37:04.425-06:00 DEBUG 20036 --- [           main] .s.d.r.c.RepositoryConfigurationDelegate : Scanning for JPA repositories in packages com.chatgenius.
2025-01-09T08:37:04.428-06:00 DEBUG 20036 --- [           main] o.s.d.r.c.RepositoryComponentProvider    : Identified candidate component class: file [J:\chatgeniusv2-backend\target\classes\com\chatgenius\repository\ChannelRepository.class]
2025-01-09T08:37:04.428-06:00 DEBUG 20036 --- [           main] o.s.d.r.c.RepositoryComponentProvider    : Identified candidate component class: file [J:\chatgeniusv2-backend\target\classes\com\chatgenius\repository\MessageRepository.class]
2025-01-09T08:37:04.428-06:00 DEBUG 20036 --- [           main] o.s.d.r.c.RepositoryComponentProvider    : Identified candidate component class: file [J:\chatgeniusv2-backend\target\classes\com\chatgenius\repository\UserRepository.class]
2025-01-09T08:37:04.431-06:00 DEBUG 20036 --- [           main] ssPathScanningCandidateComponentProvider : Identified candidate component class: file [J:\chatgeniusv2-backend\target\classes\com\chatgenius\service\impl\AuthServiceImpl.class]
2025-01-09T08:37:04.431-06:00 DEBUG 20036 --- [           main] ssPathScanningCandidateComponentProvider : Identified candidate component class: file [J:\chatgeniusv2-backend\target\classes\com\chatgenius\service\impl\ChannelServiceImpl.class]
2025-01-09T08:37:04.431-06:00 DEBUG 20036 --- [           main] ssPathScanningCandidateComponentProvider : Identified candidate component class: file [J:\chatgeniusv2-backend\target\classes\com\chatgenius\service\impl\ChatServiceImpl.class]
2025-01-09T08:37:04.431-06:00 DEBUG 20036 --- [           main] ssPathScanningCandidateComponentProvider : Identified candidate component class: file [J:\chatgeniusv2-backend\target\classes\com\chatgenius\service\impl\MessageServiceImpl.class]
2025-01-09T08:37:04.431-06:00 DEBUG 20036 --- [           main] ssPathScanningCandidateComponentProvider : Identified candidate component class: file [J:\chatgeniusv2-backend\target\classes\com\chatgenius\service\impl\UserServiceImpl.class]
2025-01-09T08:37:04.434-06:00  INFO 20036 --- [           main] .s.d.r.c.RepositoryConfigurationDelegate : Finished Spring Data repository scanning in 9 ms. Found 3 JPA repository interfaces.
2025-01-09T08:37:04.440-06:00 DEBUG 20036 --- [           main] o.s.b.f.s.DefaultListableBeanFactory     : Creating shared instance of singleton bean 'org.springframework.boot.test.context.ImportsContextCustomizer$ImportsCleanupPostProcessor'
2025-01-09T08:37:04.440-06:00 DEBUG 20036 --- [           main] o.s.b.f.s.DefaultListableBeanFactory     : Creating shared instance of singleton bean 'embeddedDataSourceBeanFactoryPostProcessor'
2025-01-09T08:37:04.441-06:00  INFO 20036 --- [           main] beddedDataSourceBeanFactoryPostProcessor : Replacing 'dataSource' DataSource bean with embedded version
2025-01-09T08:37:04.442-06:00 DEBUG 20036 --- [           main] o.s.b.f.s.DefaultListableBeanFactory     : Creating shared instance of singleton bean 'org.springframework.boot.test.mock.mockito.MockitoPostProcessor'
2025-01-09T08:37:04.442-06:00 DEBUG 20036 --- [           main] o.s.b.f.s.DefaultListableBeanFactory     : Creating shared instance of singleton bean 'emBeanDefinitionRegistrarPostProcessor'
2025-01-09T08:37:04.442-06:00 DEBUG 20036 --- [           main] o.s.b.f.s.DefaultListableBeanFactory     : Creating shared instance of singleton bean 'org.springframework.boot.sql.init.dependency.DatabaseInitializationDependencyConfigurer$DependsOnDatabaseInitializationPostProcessor'
2025-01-09T08:37:04.442-06:00 DEBUG 20036 --- [           main] o.s.b.f.s.DefaultListableBeanFactory     : Creating shared instance of singleton bean 'org.springframework.context.event.internalEventListenerProcessor'
2025-01-09T08:37:04.444-06:00 DEBUG 20036 --- [           main] o.s.b.f.s.DefaultListableBeanFactory     : Creating shared instance of singleton bean 'org.springframework.context.event.internalEventListenerFactory'
2025-01-09T08:37:04.444-06:00 DEBUG 20036 --- [           main] o.s.b.f.s.DefaultListableBeanFactory     : Creating shared instance of singleton bean 'org.springframework.transaction.config.internalTransactionalEventListenerFactory'
2025-01-09T08:37:04.444-06:00 DEBUG 20036 --- [           main] o.s.b.f.s.DefaultListableBeanFactory     : Creating shared instance of singleton bean 'org.springframework.context.annotation.internalAutowiredAnnotationProcessor'
2025-01-09T08:37:04.444-06:00 DEBUG 20036 --- [           main] o.s.b.f.s.DefaultListableBeanFactory     : Creating shared instance of singleton bean 'org.springframework.context.annotation.internalCommonAnnotationProcessor'
2025-01-09T08:37:04.445-06:00 DEBUG 20036 --- [           main] o.s.b.f.s.DefaultListableBeanFactory     : Creating shared instance of singleton bean 'org.springframework.context.annotation.internalPersistenceAnnotationProcessor'
2025-01-09T08:37:04.445-06:00 DEBUG 20036 --- [           main] o.s.b.f.s.DefaultListableBeanFactory     : Creating shared instance of singleton bean 'org.springframework.boot.test.mock.mockito.MockitoPostProcessor$SpyPostProcessor'
2025-01-09T08:37:04.445-06:00 DEBUG 20036 --- [           main] o.s.b.f.s.DefaultListableBeanFactory     : Creating shared instance of singleton bean 'jdbcConnectionDetailsHikariBeanPostProcessor'
2025-01-09T08:37:04.445-06:00 DEBUG 20036 --- [           main] o.s.b.f.s.DefaultListableBeanFactory     : Creating shared instance of singleton bean 'org.springframework.boot.context.properties.ConfigurationPropertiesBindingPostProcessor'
2025-01-09T08:37:04.445-06:00 DEBUG 20036 --- [           main] o.s.b.f.s.DefaultListableBeanFactory     : Creating shared instance of singleton bean 'org.springframework.boot.context.internalConfigurationPropertiesBinder'
2025-01-09T08:37:04.445-06:00 DEBUG 20036 --- [           main] o.s.b.f.s.DefaultListableBeanFactory     : Creating shared instance of singleton bean 'org.springframework.aop.config.internalAutoProxyCreator'
2025-01-09T08:37:04.446-06:00 DEBUG 20036 --- [           main] o.s.b.f.s.DefaultListableBeanFactory     : Creating shared instance of singleton bean 'dataSourceScriptDatabaseInitializer'
2025-01-09T08:37:04.446-06:00 DEBUG 20036 --- [           main] o.s.b.f.s.DefaultListableBeanFactory     : Creating shared instance of singleton bean 'org.springframework.boot.autoconfigure.sql.init.DataSourceInitializationConfiguration'
2025-01-09T08:37:04.446-06:00 DEBUG 20036 --- [           main] o.s.b.f.s.DefaultListableBeanFactory     : Creating shared instance of singleton bean 'org.springframework.transaction.config.internalTransactionAdvisor'
2025-01-09T08:37:04.446-06:00 DEBUG 20036 --- [           main] o.s.b.f.s.DefaultListableBeanFactory     : Creating shared instance of singleton bean 'org.springframework.transaction.annotation.ProxyTransactionManagementConfiguration'
2025-01-09T08:37:04.447-06:00 DEBUG 20036 --- [           main] o.s.b.f.s.DefaultListableBeanFactory     : Creating shared instance of singleton bean 'transactionAttributeSource'
2025-01-09T08:37:04.447-06:00 DEBUG 20036 --- [           main] o.s.b.f.s.DefaultListableBeanFactory     : Creating shared instance of singleton bean 'transactionInterceptor'
2025-01-09T08:37:04.447-06:00 DEBUG 20036 --- [           main] o.s.b.f.s.DefaultListableBeanFactory     : Autowiring by type from bean name 'transactionInterceptor' via factory method to bean named 'transactionAttributeSource'
2025-01-09T08:37:04.447-06:00 DEBUG 20036 --- [           main] o.s.b.f.s.DefaultListableBeanFactory     : Autowiring by type from bean name 'org.springframework.transaction.config.internalTransactionAdvisor' via factory method to bean named 'transactionAttributeSource'
2025-01-09T08:37:04.447-06:00 DEBUG 20036 --- [           main] o.s.b.f.s.DefaultListableBeanFactory     : Autowiring by type from bean name 'org.springframework.transaction.config.internalTransactionAdvisor' via factory method to bean named 'transactionInterceptor'
2025-01-09T08:37:04.448-06:00 DEBUG 20036 --- [           main] o.s.b.f.s.DefaultListableBeanFactory     : Creating shared instance of singleton bean 'dataSource'
2025-01-09T08:37:04.459-06:00  INFO 20036 --- [           main] o.s.j.d.e.EmbeddedDatabaseFactory        : Starting embedded database: url='jdbc:h2:mem:c28bcf25-0d96-40ed-b42d-6242cefd62bf;DB_CLOSE_DELAY=-1;DB_CLOSE_ON_EXIT=false', username='sa'
2025-01-09T08:37:04.459-06:00 DEBUG 20036 --- [           main] o.s.jdbc.datasource.DataSourceUtils      : Fetching JDBC Connection from DataSource
2025-01-09T08:37:04.459-06:00 DEBUG 20036 --- [           main] o.s.j.datasource.SimpleDriverDataSource  : Creating new JDBC Driver Connection to [jdbc:h2:mem:c28bcf25-0d96-40ed-b42d-6242cefd62bf;DB_CLOSE_DELAY=-1;DB_CLOSE_ON_EXIT=false]
2025-01-09T08:37:04.462-06:00 DEBUG 20036 --- [           main] o.s.b.f.s.DefaultListableBeanFactory     : Creating shared instance of singleton bean 'spring.sql.init-org.springframework.boot.autoconfigure.sql.init.SqlInitializationProperties'
2025-01-09T08:37:04.462-06:00 DEBUG 20036 --- [           main] o.s.b.f.s.DefaultListableBeanFactory     : Creating shared instance of singleton bean 'org.springframework.boot.context.properties.BoundConfigurationProperties'
2025-01-09T08:37:04.463-06:00 DEBUG 20036 --- [           main] o.s.b.f.s.DefaultListableBeanFactory     : Autowiring by type from bean name 'dataSourceScriptDatabaseInitializer' via factory method to bean named 'dataSource'
2025-01-09T08:37:04.463-06:00 DEBUG 20036 --- [           main] o.s.b.f.s.DefaultListableBeanFactory     : Autowiring by type from bean name 'dataSourceScriptDatabaseInitializer' via factory method to bean named 'spring.sql.init-org.springframework.boot.autoconfigure.sql.init.SqlInitializationProperties'
2025-01-09T08:37:04.463-06:00 DEBUG 20036 --- [           main] o.s.jdbc.datasource.DataSourceUtils      : Fetching JDBC Connection from DataSource
2025-01-09T08:37:04.463-06:00 DEBUG 20036 --- [           main] o.s.j.datasource.SimpleDriverDataSource  : Creating new JDBC Driver Connection to [jdbc:h2:mem:c28bcf25-0d96-40ed-b42d-6242cefd62bf;DB_CLOSE_DELAY=-1;DB_CLOSE_ON_EXIT=false]
2025-01-09T08:37:04.464-06:00 DEBUG 20036 --- [           main] o.s.jdbc.datasource.init.ScriptUtils     : Executing SQL script from file [J:\chatgeniusv2-backend\target\classes\schema.sql]
2025-01-09T08:37:04.465-06:00 DEBUG 20036 --- [           main] o.s.jdbc.datasource.init.ScriptUtils     : 0 returned as update count for SQL: DROP TABLE IF EXISTS reactions CASCADE
2025-01-09T08:37:04.465-06:00 DEBUG 20036 --- [           main] o.s.jdbc.datasource.init.ScriptUtils     : 0 returned as update count for SQL: DROP TABLE IF EXISTS attachments CASCADE
2025-01-09T08:37:04.465-06:00 DEBUG 20036 --- [           main] o.s.jdbc.datasource.init.ScriptUtils     : 0 returned as update count for SQL: DROP TABLE IF EXISTS messages CASCADE
2025-01-09T08:37:04.465-06:00 DEBUG 20036 --- [           main] o.s.jdbc.datasource.init.ScriptUtils     : 0 returned as update count for SQL: DROP TABLE IF EXISTS channel_members CASCADE
2025-01-09T08:37:04.465-06:00 DEBUG 20036 --- [           main] o.s.jdbc.datasource.init.ScriptUtils     : 0 returned as update count for SQL: DROP TABLE IF EXISTS channel_invitations CASCADE
2025-01-09T08:37:04.465-06:00 DEBUG 20036 --- [           main] o.s.jdbc.datasource.init.ScriptUtils     : 0 returned as update count for SQL: DROP TABLE IF EXISTS channels CASCADE
2025-01-09T08:37:04.465-06:00 DEBUG 20036 --- [           main] o.s.jdbc.datasource.init.ScriptUtils     : 0 returned as update count for SQL: DROP TABLE IF EXISTS users CASCADE
2025-01-09T08:37:04.466-06:00 DEBUG 20036 --- [           main] o.s.jdbc.datasource.init.ScriptUtils     : 0 returned as update count for SQL: CREATE TABLE IF NOT EXISTS users ( id UUID PRIMARY KEY, username VARCHAR(255) NOT NULL UNIQUE, email VARCHAR(255) NOT NULL UNIQUE, password VARCHAR(255) NOT NULL, status VARCHAR(20) NOT NULL, created_at TIMESTAMP NOT NULL, last_seen_at TIMESTAMP )
2025-01-09T08:37:04.466-06:00 DEBUG 20036 --- [           main] o.s.jdbc.datasource.init.ScriptUtils     : 0 returned as update count for SQL: CREATE TABLE IF NOT EXISTS channels ( id UUID PRIMARY KEY, name VARCHAR(255) NOT NULL, type VARCHAR(20) NOT NULL, created_at TIMESTAMP NOT NULL )
2025-01-09T08:37:04.467-06:00 DEBUG 20036 --- [           main] o.s.jdbc.datasource.init.ScriptUtils     : 0 returned as update count for SQL: CREATE TABLE IF NOT EXISTS channel_invitations ( id UUID PRIMARY KEY, channel_id UUID NOT NULL, inviter_id UUID NOT NULL, invitee_id UUID NOT NULL, status VARCHAR(20) NOT NULL, created_at TIMESTAMP NOT NULL, FOREIGN KEY (channel_id) REFERENCES channels(id), FOREIGN KEY (inviter_id) REFERENCES users(id), FOREIGN KEY (invitee_id) REFERENCES users(id) )
2025-01-09T08:37:04.468-06:00 DEBUG 20036 --- [           main] o.s.jdbc.datasource.init.ScriptUtils     : 0 returned as update count for SQL: CREATE TABLE IF NOT EXISTS channel_members ( channel_id UUID NOT NULL, user_id UUID NOT NULL, PRIMARY KEY (channel_id, user_id), FOREIGN KEY (channel_id) REFERENCES channels(id), FOREIGN KEY (user_id) REFERENCES users(id) )
2025-01-09T08:37:04.469-06:00 DEBUG 20036 --- [           main] o.s.jdbc.datasource.init.ScriptUtils     : 0 returned as update count for SQL: CREATE TABLE IF NOT EXISTS messages ( id UUID PRIMARY KEY, content TEXT NOT NULL, channel_id UUID NOT NULL, user_id UUID, type VARCHAR(20) NOT NULL, thread_id UUID, created_at TIMESTAMP NOT NULL, updated_at TIMESTAMP, FOREIGN KEY (channel_id) REFERENCES channels(id), FOREIGN KEY (user_id) REFERENCES users(id), FOREIGN KEY (thread_id) REFERENCES messages(id) )
2025-01-09T08:37:04.470-06:00 DEBUG 20036 --- [           main] o.s.jdbc.datasource.init.ScriptUtils     : 0 returned as update count for SQL: CREATE TABLE IF NOT EXISTS attachments ( id UUID PRIMARY KEY, message_id UUID NOT NULL, file_url VARCHAR(255) NOT NULL, file_type VARCHAR(50) NOT NULL, file_name VARCHAR(255) NOT NULL, file_size INTEGER NOT NULL, created_at TIMESTAMP NOT NULL, FOREIGN KEY (message_id) REFERENCES messages(id) )
2025-01-09T08:37:04.470-06:00 DEBUG 20036 --- [           main] o.s.jdbc.datasource.init.ScriptUtils     : 0 returned as update count for SQL: CREATE TABLE IF NOT EXISTS reactions ( id UUID PRIMARY KEY, message_id UUID NOT NULL, user_id UUID NOT NULL, emoji VARCHAR(50) NOT NULL, created_at TIMESTAMP NOT NULL, FOREIGN KEY (message_id) REFERENCES messages(id), FOREIGN KEY (user_id) REFERENCES users(id) )
2025-01-09T08:37:04.470-06:00 DEBUG 20036 --- [           main] o.s.jdbc.datasource.init.ScriptUtils     : Executed SQL script from file [J:\chatgeniusv2-backend\target\classes\schema.sql] in 6 ms.
2025-01-09T08:37:04.470-06:00 DEBUG 20036 --- [           main] o.s.jdbc.datasource.init.ScriptUtils     : Executing SQL script from file [J:\chatgeniusv2-backend\target\test-classes\schema.sql]
2025-01-09T08:37:04.471-06:00 DEBUG 20036 --- [           main] o.s.jdbc.datasource.init.ScriptUtils     : 0 returned as update count for SQL: DROP TABLE IF EXISTS reactions CASCADE
2025-01-09T08:37:04.471-06:00 DEBUG 20036 --- [           main] o.s.jdbc.datasource.init.ScriptUtils     : 0 returned as update count for SQL: DROP TABLE IF EXISTS attachments CASCADE
2025-01-09T08:37:04.471-06:00 DEBUG 20036 --- [           main] o.s.jdbc.datasource.init.ScriptUtils     : 0 returned as update count for SQL: DROP TABLE IF EXISTS messages CASCADE
2025-01-09T08:37:04.471-06:00 DEBUG 20036 --- [           main] o.s.jdbc.datasource.init.ScriptUtils     : 0 returned as update count for SQL: DROP TABLE IF EXISTS channel_members CASCADE
2025-01-09T08:37:04.472-06:00 DEBUG 20036 --- [           main] o.s.jdbc.datasource.init.ScriptUtils     : 0 returned as update count for SQL: DROP TABLE IF EXISTS channel_invitations CASCADE
2025-01-09T08:37:04.472-06:00 DEBUG 20036 --- [           main] o.s.jdbc.datasource.init.ScriptUtils     : 0 returned as update count for SQL: DROP TABLE IF EXISTS channels CASCADE
2025-01-09T08:37:04.472-06:00 DEBUG 20036 --- [           main] o.s.jdbc.datasource.init.ScriptUtils     : 0 returned as update count for SQL: DROP TABLE IF EXISTS users CASCADE
2025-01-09T08:37:04.472-06:00 DEBUG 20036 --- [           main] o.s.jdbc.datasource.init.ScriptUtils     : 0 returned as update count for SQL: CREATE TABLE IF NOT EXISTS users ( id UUID PRIMARY KEY, username VARCHAR(255) NOT NULL UNIQUE, email VARCHAR(255) NOT NULL UNIQUE, password VARCHAR(255) NOT NULL, status VARCHAR(20) NOT NULL, created_at TIMESTAMP NOT NULL, last_seen_at TIMESTAMP )
2025-01-09T08:37:04.472-06:00 DEBUG 20036 --- [           main] o.s.jdbc.datasource.init.ScriptUtils     : 0 returned as update count for SQL: CREATE TABLE IF NOT EXISTS channels ( id UUID PRIMARY KEY, name VARCHAR(255) NOT NULL, type VARCHAR(20) NOT NULL, created_at TIMESTAMP NOT NULL )
2025-01-09T08:37:04.473-06:00 DEBUG 20036 --- [           main] o.s.jdbc.datasource.init.ScriptUtils     : 0 returned as update count for SQL: CREATE TABLE IF NOT EXISTS channel_invitations ( id UUID PRIMARY KEY, channel_id UUID NOT NULL, inviter_id UUID NOT NULL, invitee_id UUID NOT NULL, status VARCHAR(20) NOT NULL, created_at TIMESTAMP NOT NULL, FOREIGN KEY (channel_id) REFERENCES channels(id), FOREIGN KEY (inviter_id) REFERENCES users(id), FOREIGN KEY (invitee_id) REFERENCES users(id) )
2025-01-09T08:37:04.474-06:00 DEBUG 20036 --- [           main] o.s.jdbc.datasource.init.ScriptUtils     : 0 returned as update count for SQL: CREATE TABLE IF NOT EXISTS channel_members ( channel_id UUID NOT NULL, user_id UUID NOT NULL, PRIMARY KEY (channel_id, user_id), FOREIGN KEY (channel_id) REFERENCES channels(id), FOREIGN KEY (user_id) REFERENCES users(id) )
2025-01-09T08:37:04.475-06:00 DEBUG 20036 --- [           main] o.s.jdbc.datasource.init.ScriptUtils     : 0 returned as update count for SQL: CREATE TABLE IF NOT EXISTS messages ( id UUID PRIMARY KEY, content TEXT NOT NULL, channel_id UUID NOT NULL, user_id UUID, type VARCHAR(20) NOT NULL, thread_id UUID, created_at TIMESTAMP NOT NULL, updated_at TIMESTAMP, FOREIGN KEY (channel_id) REFERENCES channels(id), FOREIGN KEY (user_id) REFERENCES users(id), FOREIGN KEY (thread_id) REFERENCES messages(id) )
2025-01-09T08:37:04.475-06:00 DEBUG 20036 --- [           main] o.s.jdbc.datasource.init.ScriptUtils     : 0 returned as update count for SQL: CREATE TABLE IF NOT EXISTS attachments ( id UUID PRIMARY KEY, message_id UUID NOT NULL, file_url VARCHAR(255) NOT NULL, file_type VARCHAR(50) NOT NULL, file_name VARCHAR(255) NOT NULL, file_size INTEGER NOT NULL, created_at TIMESTAMP NOT NULL, FOREIGN KEY (message_id) REFERENCES messages(id) )
2025-01-09T08:37:04.476-06:00 DEBUG 20036 --- [           main] o.s.jdbc.datasource.init.ScriptUtils     : 0 returned as update count for SQL: CREATE TABLE IF NOT EXISTS reactions ( id UUID PRIMARY KEY, message_id UUID NOT NULL, user_id UUID NOT NULL, emoji VARCHAR(50) NOT NULL, created_at TIMESTAMP NOT NULL, FOREIGN KEY (message_id) REFERENCES messages(id), FOREIGN KEY (user_id) REFERENCES users(id) )
2025-01-09T08:37:04.476-06:00 DEBUG 20036 --- [           main] o.s.jdbc.datasource.init.ScriptUtils     : Executed SQL script from file [J:\chatgeniusv2-backend\target\test-classes\schema.sql] in 5 ms.
2025-01-09T08:37:04.476-06:00 DEBUG 20036 --- [           main] o.s.b.f.s.DefaultListableBeanFactory     : Creating shared instance of singleton bean 'entityManagerFactory'
2025-01-09T08:37:04.476-06:00 DEBUG 20036 --- [           main] o.s.b.f.s.DefaultListableBeanFactory     : Creating shared instance of singleton bean 'org.springframework.boot.autoconfigure.orm.jpa.HibernateJpaConfiguration'
2025-01-09T08:37:04.476-06:00 DEBUG 20036 --- [           main] o.s.b.f.s.DefaultListableBeanFactory     : Creating shared instance of singleton bean 'spring.jpa-org.springframework.boot.autoconfigure.orm.jpa.JpaProperties'
2025-01-09T08:37:04.477-06:00 DEBUG 20036 --- [           main] o.s.b.f.s.DefaultListableBeanFactory     : Creating shared instance of singleton bean 'spring.jpa.hibernate-org.springframework.boot.autoconfigure.orm.jpa.HibernateProperties'
2025-01-09T08:37:04.478-06:00 DEBUG 20036 --- [           main] o.s.b.f.s.DefaultListableBeanFactory     : Autowiring by type from bean name 'org.springframework.boot.autoconfigure.orm.jpa.HibernateJpaConfiguration' via constructor to bean named 'dataSource'
2025-01-09T08:37:04.478-06:00 DEBUG 20036 --- [           main] o.s.b.f.s.DefaultListableBeanFactory     : Autowiring by type from bean name 'org.springframework.boot.autoconfigure.orm.jpa.HibernateJpaConfiguration' via constructor to bean named 'spring.jpa-org.springframework.boot.autoconfigure.orm.jpa.JpaProperties'
2025-01-09T08:37:04.478-06:00 DEBUG 20036 --- [           main] o.s.b.f.s.DefaultListableBeanFactory     : Autowiring by type from bean name 'org.springframework.boot.autoconfigure.orm.jpa.HibernateJpaConfiguration' via constructor to bean named 'org.springframework.beans.factory.support.DefaultListableBeanFactory@132da2ff'
2025-01-09T08:37:04.478-06:00 DEBUG 20036 --- [           main] o.s.b.f.s.DefaultListableBeanFactory     : Autowiring by type from bean name 'org.springframework.boot.autoconfigure.orm.jpa.HibernateJpaConfiguration' via constructor to bean named 'spring.jpa.hibernate-org.springframework.boot.autoconfigure.orm.jpa.HibernateProperties'
2025-01-09T08:37:04.478-06:00 DEBUG 20036 --- [           main] o.s.b.f.s.DefaultListableBeanFactory     : Creating shared instance of singleton bean 'hikariPoolDataSourceMetadataProvider'
2025-01-09T08:37:04.478-06:00 DEBUG 20036 --- [           main] o.s.b.f.s.DefaultListableBeanFactory     : Creating shared instance of singleton bean 'org.springframework.boot.autoconfigure.jdbc.metadata.DataSourcePoolMetadataProvidersConfiguration$HikariPoolDataSourceMetadataProviderConfiguration'
2025-01-09T08:37:04.479-06:00 DEBUG 20036 --- [           main] o.s.b.f.s.DefaultListableBeanFactory     : Creating shared instance of singleton bean 'entityManagerFactoryBuilder'
2025-01-09T08:37:04.479-06:00 DEBUG 20036 --- [           main] o.s.b.f.s.DefaultListableBeanFactory     : Creating shared instance of singleton bean 'jpaVendorAdapter'
2025-01-09T08:37:04.479-06:00 DEBUG 20036 --- [           main] o.s.b.f.s.DefaultListableBeanFactory     : Autowiring by type from bean name 'entityManagerFactoryBuilder' via factory method to bean named 'jpaVendorAdapter'
2025-01-09T08:37:04.479-06:00 DEBUG 20036 --- [           main] o.s.b.f.s.DefaultListableBeanFactory     : Creating shared instance of singleton bean 'persistenceManagedTypes'
2025-01-09T08:37:04.479-06:00 DEBUG 20036 --- [           main] o.s.b.f.s.DefaultListableBeanFactory     : Autowiring by type from bean name 'persistenceManagedTypes' via factory method to bean named 'org.springframework.beans.factory.support.DefaultListableBeanFactory@132da2ff'
2025-01-09T08:37:04.479-06:00 DEBUG 20036 --- [           main] o.s.b.f.s.DefaultListableBeanFactory     : Autowiring by type from bean name 'persistenceManagedTypes' via factory method to bean named 'org.springframework.context.annotation.AnnotationConfigApplicationContext@2e754572'
2025-01-09T08:37:04.480-06:00 DEBUG 20036 --- [           main] o.s.b.f.s.DefaultListableBeanFactory     : Autowiring by type from bean name 'entityManagerFactory' via factory method to bean named 'entityManagerFactoryBuilder'
2025-01-09T08:37:04.480-06:00 DEBUG 20036 --- [           main] o.s.b.f.s.DefaultListableBeanFactory     : Autowiring by type from bean name 'entityManagerFactory' via factory method to bean named 'persistenceManagedTypes'
2025-01-09T08:37:04.481-06:00 DEBUG 20036 --- [           main] j.LocalContainerEntityManagerFactoryBean : Building JPA container EntityManagerFactory for persistence unit 'default'
2025-01-09T08:37:04.481-06:00 DEBUG 20036 --- [           main] o.hibernate.jpa.internal.util.LogHelper  : PersistenceUnitInfo [
	name: default
	persistence provider classname: null
	classloader: jdk.internal.loader.ClassLoaders$AppClassLoader@70dea4e
	excludeUnlistedClasses: true
	JTA datasource: null
	Non JTA datasource: org.springframework.jdbc.datasource.embedded.EmbeddedDatabaseFactory$EmbeddedDataSourceProxy@31f5f65a
	Transaction type: RESOURCE_LOCAL
	PU root URL: file:/J:/chatgeniusv2-backend/target/test-classes/
	Shared Cache Mode: UNSPECIFIED
	Validation Mode: AUTO
	Jar files URLs []
	Managed classes names [
		com.chatgenius.model.Attachment
		com.chatgenius.model.Channel
		com.chatgenius.model.Message
		com.chatgenius.model.Reaction
		com.chatgenius.model.User]
	Mapping files names []
	Properties []
2025-01-09T08:37:04.481-06:00 DEBUG 20036 --- [           main] o.h.i.internal.IntegratorServiceImpl     : Adding Integrator [org.hibernate.boot.beanvalidation.BeanValidationIntegrator].
2025-01-09T08:37:04.481-06:00 DEBUG 20036 --- [           main] o.h.i.internal.IntegratorServiceImpl     : Adding Integrator [org.hibernate.cache.internal.CollectionCacheInvalidator].
2025-01-09T08:37:04.482-06:00 DEBUG 20036 --- [           main] org.hibernate.orm.idgen.factory          : Registering IdentifierGenerator strategy [uuid2] -> [org.hibernate.id.UUIDGenerator]
2025-01-09T08:37:04.482-06:00 DEBUG 20036 --- [           main] org.hibernate.orm.idgen.factory          : Registering IdentifierGenerator strategy [guid] -> [org.hibernate.id.GUIDGenerator]
2025-01-09T08:37:04.482-06:00 DEBUG 20036 --- [           main] org.hibernate.orm.idgen.factory          : Registering IdentifierGenerator strategy [uuid] -> [org.hibernate.id.UUIDHexGenerator]
2025-01-09T08:37:04.482-06:00 DEBUG 20036 --- [           main] org.hibernate.orm.idgen.factory          : Registering IdentifierGenerator strategy [uuid.hex] -> [org.hibernate.id.UUIDHexGenerator]
2025-01-09T08:37:04.482-06:00 DEBUG 20036 --- [           main] org.hibernate.orm.idgen.factory          : Registering IdentifierGenerator strategy [assigned] -> [org.hibernate.id.Assigned]
2025-01-09T08:37:04.482-06:00 DEBUG 20036 --- [           main] org.hibernate.orm.idgen.factory          : Registering IdentifierGenerator strategy [identity] -> [org.hibernate.id.IdentityGenerator]
2025-01-09T08:37:04.482-06:00 DEBUG 20036 --- [           main] org.hibernate.orm.idgen.factory          : Registering IdentifierGenerator strategy [select] -> [org.hibernate.id.SelectGenerator]
2025-01-09T08:37:04.482-06:00 DEBUG 20036 --- [           main] org.hibernate.orm.idgen.factory          : Registering IdentifierGenerator strategy [sequence] -> [org.hibernate.id.enhanced.SequenceStyleGenerator]
2025-01-09T08:37:04.482-06:00 DEBUG 20036 --- [           main] org.hibernate.orm.idgen.factory          : Registering IdentifierGenerator strategy [increment] -> [org.hibernate.id.IncrementGenerator]
2025-01-09T08:37:04.482-06:00 DEBUG 20036 --- [           main] org.hibernate.orm.idgen.factory          : Registering IdentifierGenerator strategy [foreign] -> [org.hibernate.id.ForeignGenerator]
2025-01-09T08:37:04.482-06:00 DEBUG 20036 --- [           main] org.hibernate.orm.idgen.factory          : Registering IdentifierGenerator strategy [enhanced-sequence] -> [org.hibernate.id.enhanced.SequenceStyleGenerator]
2025-01-09T08:37:04.482-06:00 DEBUG 20036 --- [           main] org.hibernate.orm.idgen.factory          : Registering IdentifierGenerator strategy [enhanced-table] -> [org.hibernate.id.enhanced.TableGenerator]
2025-01-09T08:37:04.482-06:00 DEBUG 20036 --- [           main] o.h.c.internal.RegionFactoryInitiator    : Cannot default RegionFactory based on registered strategies as `[]` RegionFactory strategies were registered
2025-01-09T08:37:04.482-06:00  INFO 20036 --- [           main] o.h.c.internal.RegionFactoryInitiator    : HHH000026: Second-level cache disabled
2025-01-09T08:37:04.482-06:00 DEBUG 20036 --- [           main] org.hibernate.type.BasicTypeRegistry     : Adding type registration boolean -> org.hibernate.type.BasicTypeReference@24f5e9e8
2025-01-09T08:37:04.482-06:00 DEBUG 20036 --- [           main] org.hibernate.type.BasicTypeRegistry     : Adding type registration boolean -> org.hibernate.type.BasicTypeReference@24f5e9e8
2025-01-09T08:37:04.482-06:00 DEBUG 20036 --- [           main] org.hibernate.type.BasicTypeRegistry     : Adding type registration java.lang.Boolean -> org.hibernate.type.BasicTypeReference@24f5e9e8
2025-01-09T08:37:04.482-06:00 DEBUG 20036 --- [           main] org.hibernate.type.BasicTypeRegistry     : Adding type registration numeric_boolean -> org.hibernate.type.BasicTypeReference@50e6ee24
2025-01-09T08:37:04.482-06:00 DEBUG 20036 --- [           main] org.hibernate.type.BasicTypeRegistry     : Adding type registration org.hibernate.type.NumericBooleanConverter -> org.hibernate.type.BasicTypeReference@50e6ee24
2025-01-09T08:37:04.482-06:00 DEBUG 20036 --- [           main] org.hibernate.type.BasicTypeRegistry     : Adding type registration true_false -> org.hibernate.type.BasicTypeReference@7acb5200
2025-01-09T08:37:04.482-06:00 DEBUG 20036 --- [           main] org.hibernate.type.BasicTypeRegistry     : Adding type registration org.hibernate.type.TrueFalseConverter -> org.hibernate.type.BasicTypeReference@7acb5200
2025-01-09T08:37:04.482-06:00 DEBUG 20036 --- [           main] org.hibernate.type.BasicTypeRegistry     : Adding type registration yes_no -> org.hibernate.type.BasicTypeReference@3d50a3d9
2025-01-09T08:37:04.482-06:00 DEBUG 20036 --- [           main] org.hibernate.type.BasicTypeRegistry     : Adding type registration org.hibernate.type.YesNoConverter -> org.hibernate.type.BasicTypeReference@3d50a3d9
2025-01-09T08:37:04.482-06:00 DEBUG 20036 --- [           main] org.hibernate.type.BasicTypeRegistry     : Adding type registration byte -> org.hibernate.type.BasicTypeReference@3661b732
2025-01-09T08:37:04.482-06:00 DEBUG 20036 --- [           main] org.hibernate.type.BasicTypeRegistry     : Adding type registration byte -> org.hibernate.type.BasicTypeReference@3661b732
2025-01-09T08:37:04.482-06:00 DEBUG 20036 --- [           main] org.hibernate.type.BasicTypeRegistry     : Adding type registration java.lang.Byte -> org.hibernate.type.BasicTypeReference@3661b732
2025-01-09T08:37:04.482-06:00 DEBUG 20036 --- [           main] org.hibernate.type.BasicTypeRegistry     : Adding type registration binary -> org.hibernate.type.BasicTypeReference@5111f814
2025-01-09T08:37:04.482-06:00 DEBUG 20036 --- [           main] org.hibernate.type.BasicTypeRegistry     : Adding type registration byte[] -> org.hibernate.type.BasicTypeReference@5111f814
2025-01-09T08:37:04.482-06:00 DEBUG 20036 --- [           main] org.hibernate.type.BasicTypeRegistry     : Adding type registration [B -> org.hibernate.type.BasicTypeReference@5111f814
2025-01-09T08:37:04.482-06:00 DEBUG 20036 --- [           main] org.hibernate.type.BasicTypeRegistry     : Adding type registration binary_wrapper -> org.hibernate.type.BasicTypeReference@71eafb64
2025-01-09T08:37:04.482-06:00 DEBUG 20036 --- [           main] org.hibernate.type.BasicTypeRegistry     : Adding type registration wrapper-binary -> org.hibernate.type.BasicTypeReference@71eafb64
2025-01-09T08:37:04.482-06:00 DEBUG 20036 --- [           main] org.hibernate.type.BasicTypeRegistry     : Adding type registration image -> org.hibernate.type.BasicTypeReference@491cc0eb
2025-01-09T08:37:04.482-06:00 DEBUG 20036 --- [           main] org.hibernate.type.BasicTypeRegistry     : Adding type registration blob -> org.hibernate.type.BasicTypeReference@727f36dd
2025-01-09T08:37:04.482-06:00 DEBUG 20036 --- [           main] org.hibernate.type.BasicTypeRegistry     : Adding type registration java.sql.Blob -> org.hibernate.type.BasicTypeReference@727f36dd
2025-01-09T08:37:04.482-06:00 DEBUG 20036 --- [           main] org.hibernate.type.BasicTypeRegistry     : Adding type registration materialized_blob -> org.hibernate.type.BasicTypeReference@2c70a1de
2025-01-09T08:37:04.482-06:00 DEBUG 20036 --- [           main] org.hibernate.type.BasicTypeRegistry     : Adding type registration materialized_blob_wrapper -> org.hibernate.type.BasicTypeReference@ae74eef
2025-01-09T08:37:04.482-06:00 DEBUG 20036 --- [           main] org.hibernate.type.BasicTypeRegistry     : Adding type registration short -> org.hibernate.type.BasicTypeReference@2553dcc0
2025-01-09T08:37:04.482-06:00 DEBUG 20036 --- [           main] org.hibernate.type.BasicTypeRegistry     : Adding type registration short -> org.hibernate.type.BasicTypeReference@2553dcc0
2025-01-09T08:37:04.482-06:00 DEBUG 20036 --- [           main] org.hibernate.type.BasicTypeRegistry     : Adding type registration java.lang.Short -> org.hibernate.type.BasicTypeReference@2553dcc0
2025-01-09T08:37:04.482-06:00 DEBUG 20036 --- [           main] org.hibernate.type.BasicTypeRegistry     : Adding type registration integer -> org.hibernate.type.BasicTypeReference@2e91cf69
2025-01-09T08:37:04.482-06:00 DEBUG 20036 --- [           main] org.hibernate.type.BasicTypeRegistry     : Adding type registration int -> org.hibernate.type.BasicTypeReference@2e91cf69
2025-01-09T08:37:04.482-06:00 DEBUG 20036 --- [           main] org.hibernate.type.BasicTypeRegistry     : Adding type registration java.lang.Integer -> org.hibernate.type.BasicTypeReference@2e91cf69
2025-01-09T08:37:04.482-06:00 DEBUG 20036 --- [           main] org.hibernate.type.BasicTypeRegistry     : Adding type registration long -> org.hibernate.type.BasicTypeReference@746e534
2025-01-09T08:37:04.482-06:00 DEBUG 20036 --- [           main] org.hibernate.type.BasicTypeRegistry     : Adding type registration long -> org.hibernate.type.BasicTypeReference@746e534
2025-01-09T08:37:04.482-06:00 DEBUG 20036 --- [           main] org.hibernate.type.BasicTypeRegistry     : Adding type registration java.lang.Long -> org.hibernate.type.BasicTypeReference@746e534
2025-01-09T08:37:04.482-06:00 DEBUG 20036 --- [           main] org.hibernate.type.BasicTypeRegistry     : Adding type registration float -> org.hibernate.type.BasicTypeReference@37665305
2025-01-09T08:37:04.482-06:00 DEBUG 20036 --- [           main] org.hibernate.type.BasicTypeRegistry     : Adding type registration float -> org.hibernate.type.BasicTypeReference@37665305
2025-01-09T08:37:04.482-06:00 DEBUG 20036 --- [           main] org.hibernate.type.BasicTypeRegistry     : Adding type registration java.lang.Float -> org.hibernate.type.BasicTypeReference@37665305
2025-01-09T08:37:04.482-06:00 DEBUG 20036 --- [           main] org.hibernate.type.BasicTypeRegistry     : Adding type registration double -> org.hibernate.type.BasicTypeReference@c683cf5
2025-01-09T08:37:04.482-06:00 DEBUG 20036 --- [           main] org.hibernate.type.BasicTypeRegistry     : Adding type registration double -> org.hibernate.type.BasicTypeReference@c683cf5
2025-01-09T08:37:04.482-06:00 DEBUG 20036 --- [           main] org.hibernate.type.BasicTypeRegistry     : Adding type registration java.lang.Double -> org.hibernate.type.BasicTypeReference@c683cf5
2025-01-09T08:37:04.482-06:00 DEBUG 20036 --- [           main] org.hibernate.type.BasicTypeRegistry     : Adding type registration big_integer -> org.hibernate.type.BasicTypeReference@2c224096
2025-01-09T08:37:04.482-06:00 DEBUG 20036 --- [           main] org.hibernate.type.BasicTypeRegistry     : Adding type registration java.math.BigInteger -> org.hibernate.type.BasicTypeReference@2c224096
2025-01-09T08:37:04.482-06:00 DEBUG 20036 --- [           main] org.hibernate.type.BasicTypeRegistry     : Adding type registration big_decimal -> org.hibernate.type.BasicTypeReference@1cfd6f63
2025-01-09T08:37:04.482-06:00 DEBUG 20036 --- [           main] org.hibernate.type.BasicTypeRegistry     : Adding type registration java.math.BigDecimal -> org.hibernate.type.BasicTypeReference@1cfd6f63
2025-01-09T08:37:04.482-06:00 DEBUG 20036 --- [           main] org.hibernate.type.BasicTypeRegistry     : Adding type registration character -> org.hibernate.type.BasicTypeReference@1906f982
2025-01-09T08:37:04.482-06:00 DEBUG 20036 --- [           main] org.hibernate.type.BasicTypeRegistry     : Adding type registration char -> org.hibernate.type.BasicTypeReference@1906f982
2025-01-09T08:37:04.482-06:00 DEBUG 20036 --- [           main] org.hibernate.type.BasicTypeRegistry     : Adding type registration java.lang.Character -> org.hibernate.type.BasicTypeReference@1906f982
2025-01-09T08:37:04.482-06:00 DEBUG 20036 --- [           main] org.hibernate.type.BasicTypeRegistry     : Adding type registration character_nchar -> org.hibernate.type.BasicTypeReference@5444f1c3
2025-01-09T08:37:04.482-06:00 DEBUG 20036 --- [           main] org.hibernate.type.BasicTypeRegistry     : Adding type registration string -> org.hibernate.type.BasicTypeReference@6a5c2d2d
2025-01-09T08:37:04.482-06:00 DEBUG 20036 --- [           main] org.hibernate.type.BasicTypeRegistry     : Adding type registration java.lang.String -> org.hibernate.type.BasicTypeReference@6a5c2d2d
2025-01-09T08:37:04.482-06:00 DEBUG 20036 --- [           main] org.hibernate.type.BasicTypeRegistry     : Adding type registration nstring -> org.hibernate.type.BasicTypeReference@1dadd172
2025-01-09T08:37:04.482-06:00 DEBUG 20036 --- [           main] org.hibernate.type.BasicTypeRegistry     : Adding type registration characters -> org.hibernate.type.BasicTypeReference@33c9f1ac
2025-01-09T08:37:04.482-06:00 DEBUG 20036 --- [           main] org.hibernate.type.BasicTypeRegistry     : Adding type registration char[] -> org.hibernate.type.BasicTypeReference@33c9f1ac
2025-01-09T08:37:04.482-06:00 DEBUG 20036 --- [           main] org.hibernate.type.BasicTypeRegistry     : Adding type registration [C -> org.hibernate.type.BasicTypeReference@33c9f1ac
2025-01-09T08:37:04.482-06:00 DEBUG 20036 --- [           main] org.hibernate.type.BasicTypeRegistry     : Adding type registration wrapper-characters -> org.hibernate.type.BasicTypeReference@4070c4ff
2025-01-09T08:37:04.482-06:00 DEBUG 20036 --- [           main] org.hibernate.type.BasicTypeRegistry     : Adding type registration text -> org.hibernate.type.BasicTypeReference@4bceac99
2025-01-09T08:37:04.482-06:00 DEBUG 20036 --- [           main] org.hibernate.type.BasicTypeRegistry     : Adding type registration ntext -> org.hibernate.type.BasicTypeReference@389bc2d3
2025-01-09T08:37:04.482-06:00 DEBUG 20036 --- [           main] org.hibernate.type.BasicTypeRegistry     : Adding type registration clob -> org.hibernate.type.BasicTypeReference@442310fd
2025-01-09T08:37:04.482-06:00 DEBUG 20036 --- [           main] org.hibernate.type.BasicTypeRegistry     : Adding type registration java.sql.Clob -> org.hibernate.type.BasicTypeReference@442310fd
2025-01-09T08:37:04.482-06:00 DEBUG 20036 --- [           main] org.hibernate.type.BasicTypeRegistry     : Adding type registration nclob -> org.hibernate.type.BasicTypeReference@23263ba
2025-01-09T08:37:04.482-06:00 DEBUG 20036 --- [           main] org.hibernate.type.BasicTypeRegistry     : Adding type registration java.sql.NClob -> org.hibernate.type.BasicTypeReference@23263ba
2025-01-09T08:37:04.482-06:00 DEBUG 20036 --- [           main] org.hibernate.type.BasicTypeRegistry     : Adding type registration materialized_clob -> org.hibernate.type.BasicTypeReference@3ca6bd01
2025-01-09T08:37:04.482-06:00 DEBUG 20036 --- [           main] org.hibernate.type.BasicTypeRegistry     : Adding type registration materialized_clob_char_array -> org.hibernate.type.BasicTypeReference@5acd7d1c
2025-01-09T08:37:04.482-06:00 DEBUG 20036 --- [           main] org.hibernate.type.BasicTypeRegistry     : Adding type registration materialized_clob_character_array -> org.hibernate.type.BasicTypeReference@6b52a40
2025-01-09T08:37:04.482-06:00 DEBUG 20036 --- [           main] org.hibernate.type.BasicTypeRegistry     : Adding type registration materialized_nclob -> org.hibernate.type.BasicTypeReference@178ba69f
2025-01-09T08:37:04.482-06:00 DEBUG 20036 --- [           main] org.hibernate.type.BasicTypeRegistry     : Adding type registration materialized_nclob_character_array -> org.hibernate.type.BasicTypeReference@1e4c4fda
2025-01-09T08:37:04.482-06:00 DEBUG 20036 --- [           main] org.hibernate.type.BasicTypeRegistry     : Adding type registration materialized_nclob_char_array -> org.hibernate.type.BasicTypeReference@2f58f492
2025-01-09T08:37:04.482-06:00 DEBUG 20036 --- [           main] org.hibernate.type.BasicTypeRegistry     : Adding type registration Duration -> org.hibernate.type.BasicTypeReference@903c13
2025-01-09T08:37:04.482-06:00 DEBUG 20036 --- [           main] org.hibernate.type.BasicTypeRegistry     : Adding type registration java.time.Duration -> org.hibernate.type.BasicTypeReference@903c13
2025-01-09T08:37:04.482-06:00 DEBUG 20036 --- [           main] org.hibernate.type.BasicTypeRegistry     : Adding type registration LocalDateTime -> org.hibernate.type.BasicTypeReference@4ae5ddc0
2025-01-09T08:37:04.482-06:00 DEBUG 20036 --- [           main] org.hibernate.type.BasicTypeRegistry     : Adding type registration java.time.LocalDateTime -> org.hibernate.type.BasicTypeReference@4ae5ddc0
2025-01-09T08:37:04.482-06:00 DEBUG 20036 --- [           main] org.hibernate.type.BasicTypeRegistry     : Adding type registration LocalDate -> org.hibernate.type.BasicTypeReference@36ab69d9
2025-01-09T08:37:04.482-06:00 DEBUG 20036 --- [           main] org.hibernate.type.BasicTypeRegistry     : Adding type registration java.time.LocalDate -> org.hibernate.type.BasicTypeReference@36ab69d9
2025-01-09T08:37:04.482-06:00 DEBUG 20036 --- [           main] org.hibernate.type.BasicTypeRegistry     : Adding type registration LocalTime -> org.hibernate.type.BasicTypeReference@5ebfe7fa
2025-01-09T08:37:04.482-06:00 DEBUG 20036 --- [           main] org.hibernate.type.BasicTypeRegistry     : Adding type registration java.time.LocalTime -> org.hibernate.type.BasicTypeReference@5ebfe7fa
2025-01-09T08:37:04.482-06:00 DEBUG 20036 --- [           main] org.hibernate.type.BasicTypeRegistry     : Adding type registration OffsetDateTime -> org.hibernate.type.BasicTypeReference@5f4e389a
2025-01-09T08:37:04.482-06:00 DEBUG 20036 --- [           main] org.hibernate.type.BasicTypeRegistry     : Adding type registration java.time.OffsetDateTime -> org.hibernate.type.BasicTypeReference@5f4e389a
2025-01-09T08:37:04.482-06:00 DEBUG 20036 --- [           main] org.hibernate.type.BasicTypeRegistry     : Adding type registration OffsetDateTimeWithTimezone -> org.hibernate.type.BasicTypeReference@3ba1f56e
2025-01-09T08:37:04.482-06:00 DEBUG 20036 --- [           main] org.hibernate.type.BasicTypeRegistry     : Adding type registration OffsetDateTimeWithoutTimezone -> org.hibernate.type.BasicTypeReference@56a9b662
2025-01-09T08:37:04.482-06:00 DEBUG 20036 --- [           main] org.hibernate.type.BasicTypeRegistry     : Adding type registration OffsetTime -> org.hibernate.type.BasicTypeReference@77881b7a
2025-01-09T08:37:04.482-06:00 DEBUG 20036 --- [           main] org.hibernate.type.BasicTypeRegistry     : Adding type registration java.time.OffsetTime -> org.hibernate.type.BasicTypeReference@77881b7a
2025-01-09T08:37:04.482-06:00 DEBUG 20036 --- [           main] org.hibernate.type.BasicTypeRegistry     : Adding type registration OffsetTimeUtc -> org.hibernate.type.BasicTypeReference@59ac77f9
2025-01-09T08:37:04.482-06:00 DEBUG 20036 --- [           main] org.hibernate.type.BasicTypeRegistry     : Adding type registration OffsetTimeWithTimezone -> org.hibernate.type.BasicTypeReference@6d92e327
2025-01-09T08:37:04.482-06:00 DEBUG 20036 --- [           main] org.hibernate.type.BasicTypeRegistry     : Adding type registration OffsetTimeWithoutTimezone -> org.hibernate.type.BasicTypeReference@76134251
2025-01-09T08:37:04.482-06:00 DEBUG 20036 --- [           main] org.hibernate.type.BasicTypeRegistry     : Adding type registration ZonedDateTime -> org.hibernate.type.BasicTypeReference@4177d422
2025-01-09T08:37:04.482-06:00 DEBUG 20036 --- [           main] org.hibernate.type.BasicTypeRegistry     : Adding type registration java.time.ZonedDateTime -> org.hibernate.type.BasicTypeReference@4177d422
2025-01-09T08:37:04.482-06:00 DEBUG 20036 --- [           main] org.hibernate.type.BasicTypeRegistry     : Adding type registration ZonedDateTimeWithTimezone -> org.hibernate.type.BasicTypeReference@7bde704a
2025-01-09T08:37:04.482-06:00 DEBUG 20036 --- [           main] org.hibernate.type.BasicTypeRegistry     : Adding type registration ZonedDateTimeWithoutTimezone -> org.hibernate.type.BasicTypeReference@12f3fcd
2025-01-09T08:37:04.482-06:00 DEBUG 20036 --- [           main] org.hibernate.type.BasicTypeRegistry     : Adding type registration date -> org.hibernate.type.BasicTypeReference@6dc2e473
2025-01-09T08:37:04.482-06:00 DEBUG 20036 --- [           main] org.hibernate.type.BasicTypeRegistry     : Adding type registration java.sql.Date -> org.hibernate.type.BasicTypeReference@6dc2e473
2025-01-09T08:37:04.482-06:00 DEBUG 20036 --- [           main] org.hibernate.type.BasicTypeRegistry     : Adding type registration time -> org.hibernate.type.BasicTypeReference@12ebfb2d
2025-01-09T08:37:04.482-06:00 DEBUG 20036 --- [           main] org.hibernate.type.BasicTypeRegistry     : Adding type registration java.sql.Time -> org.hibernate.type.BasicTypeReference@12ebfb2d
2025-01-09T08:37:04.482-06:00 DEBUG 20036 --- [           main] org.hibernate.type.BasicTypeRegistry     : Adding type registration timestamp -> org.hibernate.type.BasicTypeReference@1abf951a
2025-01-09T08:37:04.482-06:00 DEBUG 20036 --- [           main] org.hibernate.type.BasicTypeRegistry     : Adding type registration java.sql.Timestamp -> org.hibernate.type.BasicTypeReference@1abf951a
2025-01-09T08:37:04.482-06:00 DEBUG 20036 --- [           main] org.hibernate.type.BasicTypeRegistry     : Adding type registration java.util.Date -> org.hibernate.type.BasicTypeReference@1abf951a
2025-01-09T08:37:04.482-06:00 DEBUG 20036 --- [           main] org.hibernate.type.BasicTypeRegistry     : Adding type registration calendar -> org.hibernate.type.BasicTypeReference@629600d7
2025-01-09T08:37:04.482-06:00 DEBUG 20036 --- [           main] org.hibernate.type.BasicTypeRegistry     : Adding type registration java.util.Calendar -> org.hibernate.type.BasicTypeReference@629600d7
2025-01-09T08:37:04.482-06:00 DEBUG 20036 --- [           main] org.hibernate.type.BasicTypeRegistry     : Adding type registration java.util.GregorianCalendar -> org.hibernate.type.BasicTypeReference@629600d7
2025-01-09T08:37:04.482-06:00 DEBUG 20036 --- [           main] org.hibernate.type.BasicTypeRegistry     : Adding type registration calendar_date -> org.hibernate.type.BasicTypeReference@180d918a
2025-01-09T08:37:04.482-06:00 DEBUG 20036 --- [           main] org.hibernate.type.BasicTypeRegistry     : Adding type registration calendar_time -> org.hibernate.type.BasicTypeReference@33837bd4
2025-01-09T08:37:04.482-06:00 DEBUG 20036 --- [           main] org.hibernate.type.BasicTypeRegistry     : Adding type registration instant -> org.hibernate.type.BasicTypeReference@61c145cb
2025-01-09T08:37:04.482-06:00 DEBUG 20036 --- [           main] org.hibernate.type.BasicTypeRegistry     : Adding type registration java.time.Instant -> org.hibernate.type.BasicTypeReference@61c145cb
2025-01-09T08:37:04.482-06:00 DEBUG 20036 --- [           main] org.hibernate.type.BasicTypeRegistry     : Adding type registration uuid -> org.hibernate.type.BasicTypeReference@153409b8
2025-01-09T08:37:04.482-06:00 DEBUG 20036 --- [           main] org.hibernate.type.BasicTypeRegistry     : Adding type registration java.util.UUID -> org.hibernate.type.BasicTypeReference@153409b8
2025-01-09T08:37:04.482-06:00 DEBUG 20036 --- [           main] org.hibernate.type.BasicTypeRegistry     : Adding type registration pg-uuid -> org.hibernate.type.BasicTypeReference@153409b8
2025-01-09T08:37:04.482-06:00 DEBUG 20036 --- [           main] org.hibernate.type.BasicTypeRegistry     : Adding type registration uuid-binary -> org.hibernate.type.BasicTypeReference@511bfbb0
2025-01-09T08:37:04.482-06:00 DEBUG 20036 --- [           main] org.hibernate.type.BasicTypeRegistry     : Adding type registration uuid-char -> org.hibernate.type.BasicTypeReference@79ee779c
2025-01-09T08:37:04.482-06:00 DEBUG 20036 --- [           main] org.hibernate.type.BasicTypeRegistry     : Adding type registration class -> org.hibernate.type.BasicTypeReference@126a9a77
2025-01-09T08:37:04.482-06:00 DEBUG 20036 --- [           main] org.hibernate.type.BasicTypeRegistry     : Adding type registration java.lang.Class -> org.hibernate.type.BasicTypeReference@126a9a77
2025-01-09T08:37:04.482-06:00 DEBUG 20036 --- [           main] org.hibernate.type.BasicTypeRegistry     : Adding type registration currency -> org.hibernate.type.BasicTypeReference@27a6384b
2025-01-09T08:37:04.482-06:00 DEBUG 20036 --- [           main] org.hibernate.type.BasicTypeRegistry     : Adding type registration Currency -> org.hibernate.type.BasicTypeReference@27a6384b
2025-01-09T08:37:04.482-06:00 DEBUG 20036 --- [           main] org.hibernate.type.BasicTypeRegistry     : Adding type registration java.util.Currency -> org.hibernate.type.BasicTypeReference@27a6384b
2025-01-09T08:37:04.482-06:00 DEBUG 20036 --- [           main] org.hibernate.type.BasicTypeRegistry     : Adding type registration locale -> org.hibernate.type.BasicTypeReference@29ee8174
2025-01-09T08:37:04.482-06:00 DEBUG 20036 --- [           main] org.hibernate.type.BasicTypeRegistry     : Adding type registration java.util.Locale -> org.hibernate.type.BasicTypeReference@29ee8174
2025-01-09T08:37:04.482-06:00 DEBUG 20036 --- [           main] org.hibernate.type.BasicTypeRegistry     : Adding type registration serializable -> org.hibernate.type.BasicTypeReference@23365142
2025-01-09T08:37:04.482-06:00 DEBUG 20036 --- [           main] org.hibernate.type.BasicTypeRegistry     : Adding type registration java.io.Serializable -> org.hibernate.type.BasicTypeReference@23365142
2025-01-09T08:37:04.482-06:00 DEBUG 20036 --- [           main] org.hibernate.type.BasicTypeRegistry     : Adding type registration timezone -> org.hibernate.type.BasicTypeReference@6549ce71
2025-01-09T08:37:04.482-06:00 DEBUG 20036 --- [           main] org.hibernate.type.BasicTypeRegistry     : Adding type registration java.util.TimeZone -> org.hibernate.type.BasicTypeReference@6549ce71
2025-01-09T08:37:04.482-06:00 DEBUG 20036 --- [           main] org.hibernate.type.BasicTypeRegistry     : Adding type registration ZoneOffset -> org.hibernate.type.BasicTypeReference@733bd6f3
2025-01-09T08:37:04.482-06:00 DEBUG 20036 --- [           main] org.hibernate.type.BasicTypeRegistry     : Adding type registration java.time.ZoneOffset -> org.hibernate.type.BasicTypeReference@733bd6f3
2025-01-09T08:37:04.482-06:00 DEBUG 20036 --- [           main] org.hibernate.type.BasicTypeRegistry     : Adding type registration url -> org.hibernate.type.BasicTypeReference@2e030cc1
2025-01-09T08:37:04.482-06:00 DEBUG 20036 --- [           main] org.hibernate.type.BasicTypeRegistry     : Adding type registration java.net.URL -> org.hibernate.type.BasicTypeReference@2e030cc1
2025-01-09T08:37:04.482-06:00 DEBUG 20036 --- [           main] org.hibernate.type.BasicTypeRegistry     : Adding type registration vector -> org.hibernate.type.BasicTypeReference@3f2ef402
2025-01-09T08:37:04.482-06:00 DEBUG 20036 --- [           main] org.hibernate.type.BasicTypeRegistry     : Adding type registration row_version -> org.hibernate.type.BasicTypeReference@14bf9fd0
2025-01-09T08:37:04.482-06:00 DEBUG 20036 --- [           main] org.hibernate.type.BasicTypeRegistry     : Adding type registration object -> org.hibernate.type.JavaObjectType@44da745f
2025-01-09T08:37:04.482-06:00 DEBUG 20036 --- [           main] org.hibernate.type.BasicTypeRegistry     : Adding type registration java.lang.Object -> org.hibernate.type.JavaObjectType@44da745f
2025-01-09T08:37:04.482-06:00 DEBUG 20036 --- [           main] org.hibernate.type.BasicTypeRegistry     : Adding type registration null -> org.hibernate.type.NullType@762f8ff6
2025-01-09T08:37:04.482-06:00 DEBUG 20036 --- [           main] org.hibernate.type.BasicTypeRegistry     : Adding type registration imm_date -> org.hibernate.type.BasicTypeReference@156eb310
2025-01-09T08:37:04.482-06:00 DEBUG 20036 --- [           main] org.hibernate.type.BasicTypeRegistry     : Adding type registration imm_time -> org.hibernate.type.BasicTypeReference@119a8125
2025-01-09T08:37:04.482-06:00 DEBUG 20036 --- [           main] org.hibernate.type.BasicTypeRegistry     : Adding type registration imm_timestamp -> org.hibernate.type.BasicTypeReference@14148b24
2025-01-09T08:37:04.482-06:00 DEBUG 20036 --- [           main] org.hibernate.type.BasicTypeRegistry     : Adding type registration imm_calendar -> org.hibernate.type.BasicTypeReference@44088501
2025-01-09T08:37:04.482-06:00 DEBUG 20036 --- [           main] org.hibernate.type.BasicTypeRegistry     : Adding type registration imm_calendar_date -> org.hibernate.type.BasicTypeReference@249e48a3
2025-01-09T08:37:04.482-06:00 DEBUG 20036 --- [           main] org.hibernate.type.BasicTypeRegistry     : Adding type registration imm_calendar_time -> org.hibernate.type.BasicTypeReference@614876bc
2025-01-09T08:37:04.482-06:00 DEBUG 20036 --- [           main] org.hibernate.type.BasicTypeRegistry     : Adding type registration imm_binary -> org.hibernate.type.BasicTypeReference@51b59c1a
2025-01-09T08:37:04.482-06:00 DEBUG 20036 --- [           main] org.hibernate.type.BasicTypeRegistry     : Adding type registration imm_serializable -> org.hibernate.type.BasicTypeReference@51952ba0
2025-01-09T08:37:04.484-06:00 DEBUG 20036 --- [           main] o.h.boot.internal.BootstrapContextImpl   : Injecting JPA temp ClassLoader [org.springframework.instrument.classloading.SimpleThrowawayClassLoader@2547d1b8] into BootstrapContext; was [null]
2025-01-09T08:37:04.484-06:00 DEBUG 20036 --- [           main] o.h.boot.internal.ClassLoaderAccessImpl  : ClassLoaderAccessImpl#injectTempClassLoader(org.springframework.instrument.classloading.SimpleThrowawayClassLoader@2547d1b8) [was null]
2025-01-09T08:37:04.484-06:00 DEBUG 20036 --- [           main] o.h.boot.internal.BootstrapContextImpl   : Injecting ScanEnvironment [org.hibernate.jpa.boot.internal.StandardJpaScanEnvironmentImpl@586fcc46] into BootstrapContext; was [null]
2025-01-09T08:37:04.484-06:00 DEBUG 20036 --- [           main] o.h.boot.internal.BootstrapContextImpl   : Injecting ScanOptions [org.hibernate.boot.archive.scan.internal.StandardScanOptions@20df24c0] into BootstrapContext; was [org.hibernate.boot.archive.scan.internal.StandardScanOptions@6256d908]
2025-01-09T08:37:04.485-06:00 DEBUG 20036 --- [           main] o.h.b.i.BytecodeProviderInitiator        : HHH000021: Bytecode provider: bytebuddy
2025-01-09T08:37:04.485-06:00  INFO 20036 --- [           main] o.s.o.j.p.SpringPersistenceUnitInfo      : No LoadTimeWeaver setup: ignoring JPA class transformer
2025-01-09T08:37:04.485-06:00 DEBUG 20036 --- [           main] o.h.boot.internal.BootstrapContextImpl   : Injecting JPA temp ClassLoader [null] into BootstrapContext; was [org.springframework.instrument.classloading.SimpleThrowawayClassLoader@2547d1b8]
2025-01-09T08:37:04.485-06:00 DEBUG 20036 --- [           main] o.h.boot.internal.ClassLoaderAccessImpl  : ClassLoaderAccessImpl#injectTempClassLoader(null) [was org.springframework.instrument.classloading.SimpleThrowawayClassLoader@2547d1b8]
2025-01-09T08:37:04.485-06:00 DEBUG 20036 --- [           main] o.s.j.datasource.SimpleDriverDataSource  : Creating new JDBC Driver Connection to [jdbc:h2:mem:c28bcf25-0d96-40ed-b42d-6242cefd62bf;DB_CLOSE_DELAY=-1;DB_CLOSE_ON_EXIT=false]
2025-01-09T08:37:04.486-06:00 DEBUG 20036 --- [           main] o.h.e.j.e.i.JdbcEnvironmentInitiator     : Database ->
       name : H2
    version : 2.2.224 (2023-09-17)
      major : 2
      minor : 2
2025-01-09T08:37:04.486-06:00 DEBUG 20036 --- [           main] o.h.e.j.e.i.JdbcEnvironmentInitiator     : Driver ->
       name : H2 JDBC Driver
    version : 2.2.224 (2023-09-17)
      major : 2
      minor : 2
2025-01-09T08:37:04.486-06:00 DEBUG 20036 --- [           main] o.h.e.j.e.i.JdbcEnvironmentInitiator     : JDBC version : 4.2
2025-01-09T08:37:04.486-06:00  WARN 20036 --- [           main] org.hibernate.orm.deprecation            : HHH90000025: H2Dialect does not need to be specified explicitly using 'hibernate.dialect' (remove the property setting and it will be selected by default)
2025-01-09T08:37:04.486-06:00 DEBUG 20036 --- [           main] org.hibernate.orm.dialect                : HHH035001: Using dialect: org.hibernate.dialect.H2Dialect, version: 2.2.224
2025-01-09T08:37:04.486-06:00 DEBUG 20036 --- [           main] o.h.e.j.env.spi.IdentifierHelperBuilder  : JDBC driver metadata reported database stores quoted identifiers in neither upper, lower nor mixed case
2025-01-09T08:37:04.487-06:00 DEBUG 20036 --- [           main] o.h.t.d.jdbc.spi.JdbcTypeRegistry        : addDescriptor(NCharTypeDescriptor) replaced previous registration(CharTypeDescriptor)
2025-01-09T08:37:04.487-06:00 DEBUG 20036 --- [           main] o.h.t.d.jdbc.spi.JdbcTypeRegistry        : addDescriptor(NVarcharTypeDescriptor) replaced previous registration(VarcharTypeDescriptor)
2025-01-09T08:37:04.487-06:00 DEBUG 20036 --- [           main] o.h.t.d.jdbc.spi.JdbcTypeRegistry        : addDescriptor(LongNVarcharTypeDescriptor) replaced previous registration(LongVarcharTypeDescriptor)
2025-01-09T08:37:04.487-06:00 DEBUG 20036 --- [           main] o.h.t.d.jdbc.spi.JdbcTypeRegistry        : addDescriptor(NClobTypeDescriptor(DEFAULT)) replaced previous registration(ClobTypeDescriptor(DEFAULT))
2025-01-09T08:37:04.487-06:00 DEBUG 20036 --- [           main] o.h.t.d.jdbc.spi.JdbcTypeRegistry        : addDescriptor(2005, ClobTypeDescriptor(STREAM_BINDING)) replaced previous registration(ClobTypeDescriptor(DEFAULT))
2025-01-09T08:37:04.487-06:00 DEBUG 20036 --- [           main] o.h.t.d.jdbc.spi.JdbcTypeRegistry        : addDescriptor(TimestampUtcDescriptor) replaced previous registration(TimestampUtcDescriptor)
2025-01-09T08:37:04.487-06:00 DEBUG 20036 --- [           main] org.hibernate.type.BasicTypeRegistry     : Adding type registration org.hibernate.type.DurationType -> basicType@53(java.time.Duration,2)
2025-01-09T08:37:04.487-06:00 DEBUG 20036 --- [           main] org.hibernate.type.BasicTypeRegistry     : Adding type registration Duration -> basicType@53(java.time.Duration,2)
2025-01-09T08:37:04.487-06:00 DEBUG 20036 --- [           main] org.hibernate.type.BasicTypeRegistry     : Adding type registration java.time.Duration -> basicType@53(java.time.Duration,2)
2025-01-09T08:37:04.487-06:00 DEBUG 20036 --- [           main] o.h.type.spi.TypeConfiguration$Scope     : Scoping TypeConfiguration [org.hibernate.type.spi.TypeConfiguration@2b60c832] to MetadataBuildingContext [org.hibernate.boot.internal.MetadataBuildingContextRootImpl@4c384498]
2025-01-09T08:37:04.487-06:00 DEBUG 20036 --- [           main] o.h.boot.model.relational.Namespace      : Created database namespace [logicalName=Name{catalog=null, schema=null}, physicalName=Name{catalog=null, schema=null}]
2025-01-09T08:37:04.487-06:00 DEBUG 20036 --- [           main] o.h.boot.model.internal.EntityBinder     : Binding entity from annotated class: com.chatgenius.model.Attachment
2025-01-09T08:37:04.487-06:00 DEBUG 20036 --- [           main] o.h.boot.model.internal.EntityBinder     : Import with entity name Attachment
2025-01-09T08:37:04.487-06:00 DEBUG 20036 --- [           main] o.h.boot.model.internal.EntityBinder     : Bind entity com.chatgenius.model.Attachment on table attachments
2025-01-09T08:37:04.487-06:00 DEBUG 20036 --- [           main] o.h.boot.model.internal.AnnotatedColumn  : Binding column: AnnotatedDiscriminatorColumn(column='DTYPE')
2025-01-09T08:37:04.487-06:00 DEBUG 20036 --- [           main] o.h.boot.model.internal.AnnotatedColumn  : Binding column: AnnotatedColumn()
2025-01-09T08:37:04.487-06:00 DEBUG 20036 --- [           main] o.h.boot.internal.ClassLoaderAccessImpl  : Not known whether passed class name [com.chatgenius.model.Attachment] is safe
2025-01-09T08:37:04.487-06:00 DEBUG 20036 --- [           main] o.h.boot.internal.ClassLoaderAccessImpl  : No temp ClassLoader provided; using live ClassLoader for loading potentially unsafe class : com.chatgenius.model.Attachment
2025-01-09T08:37:04.487-06:00 DEBUG 20036 --- [           main] o.h.boot.model.internal.PropertyBinder   : MetadataSourceProcessor property id with lazy=false
2025-01-09T08:37:04.487-06:00 DEBUG 20036 --- [           main] o.h.b.m.internal.AbstractPropertyHolder  : Attempting to locate auto-apply AttributeConverter for property [com.chatgenius.model.Attachment:id]
2025-01-09T08:37:04.488-06:00 DEBUG 20036 --- [           main] o.h.b.model.internal.BasicValueBinder    : building BasicValue for id
2025-01-09T08:37:04.488-06:00 DEBUG 20036 --- [           main] org.hibernate.mapping.BasicValue         : Skipping column re-registration: attachments.id
2025-01-09T08:37:04.488-06:00 DEBUG 20036 --- [           main] o.h.boot.model.internal.PropertyBinder   : Building property id
2025-01-09T08:37:04.488-06:00 DEBUG 20036 --- [           main] o.h.boot.model.internal.BinderHelper     : #makeIdGenerator(BasicValue([Column(id)]), id, org.hibernate.id.UUIDGenerator, , ...)
2025-01-09T08:37:04.488-06:00 DEBUG 20036 --- [           main] o.h.boot.model.internal.AnnotatedColumn  : Binding column: AnnotatedColumn(column='created_at')
2025-01-09T08:37:04.488-06:00 DEBUG 20036 --- [           main] o.h.boot.model.internal.PropertyBinder   : MetadataSourceProcessor property createdAt with lazy=false
2025-01-09T08:37:04.488-06:00 DEBUG 20036 --- [           main] o.h.b.m.internal.AbstractPropertyHolder  : Attempting to locate auto-apply AttributeConverter for property [com.chatgenius.model.Attachment:createdAt]
2025-01-09T08:37:04.488-06:00 DEBUG 20036 --- [           main] o.h.b.model.internal.BasicValueBinder    : building BasicValue for createdAt
2025-01-09T08:37:04.488-06:00 DEBUG 20036 --- [           main] org.hibernate.mapping.BasicValue         : Skipping column re-registration: attachments.created_at
2025-01-09T08:37:04.488-06:00 DEBUG 20036 --- [           main] o.h.boot.model.internal.PropertyBinder   : Building property createdAt
2025-01-09T08:37:04.489-06:00 DEBUG 20036 --- [           main] o.h.boot.model.internal.AnnotatedColumn  : Binding column: AnnotatedColumn(column='file_name')
2025-01-09T08:37:04.489-06:00 DEBUG 20036 --- [           main] o.h.boot.model.internal.PropertyBinder   : MetadataSourceProcessor property fileName with lazy=false
2025-01-09T08:37:04.489-06:00 DEBUG 20036 --- [           main] o.h.b.m.internal.AbstractPropertyHolder  : Attempting to locate auto-apply AttributeConverter for property [com.chatgenius.model.Attachment:fileName]
2025-01-09T08:37:04.489-06:00 DEBUG 20036 --- [           main] o.h.b.model.internal.BasicValueBinder    : building BasicValue for fileName
2025-01-09T08:37:04.489-06:00 DEBUG 20036 --- [           main] org.hibernate.mapping.BasicValue         : Skipping column re-registration: attachments.file_name
2025-01-09T08:37:04.489-06:00 DEBUG 20036 --- [           main] o.h.boot.model.internal.PropertyBinder   : Building property fileName
2025-01-09T08:37:04.489-06:00 DEBUG 20036 --- [           main] o.h.boot.model.internal.AnnotatedColumn  : Binding column: AnnotatedColumn(column='file_size')
2025-01-09T08:37:04.489-06:00 DEBUG 20036 --- [           main] o.h.boot.model.internal.PropertyBinder   : MetadataSourceProcessor property fileSize with lazy=false
2025-01-09T08:37:04.489-06:00 DEBUG 20036 --- [           main] o.h.b.m.internal.AbstractPropertyHolder  : Attempting to locate auto-apply AttributeConverter for property [com.chatgenius.model.Attachment:fileSize]
2025-01-09T08:37:04.489-06:00 DEBUG 20036 --- [           main] o.h.b.model.internal.BasicValueBinder    : building BasicValue for fileSize
2025-01-09T08:37:04.489-06:00 DEBUG 20036 --- [           main] org.hibernate.mapping.BasicValue         : Skipping column re-registration: attachments.file_size
2025-01-09T08:37:04.489-06:00 DEBUG 20036 --- [           main] o.h.boot.model.internal.PropertyBinder   : Building property fileSize
2025-01-09T08:37:04.489-06:00 DEBUG 20036 --- [           main] o.h.boot.model.internal.AnnotatedColumn  : Binding column: AnnotatedColumn(column='file_type')
2025-01-09T08:37:04.489-06:00 DEBUG 20036 --- [           main] o.h.boot.model.internal.PropertyBinder   : MetadataSourceProcessor property fileType with lazy=false
2025-01-09T08:37:04.489-06:00 DEBUG 20036 --- [           main] o.h.b.m.internal.AbstractPropertyHolder  : Attempting to locate auto-apply AttributeConverter for property [com.chatgenius.model.Attachment:fileType]
2025-01-09T08:37:04.489-06:00 DEBUG 20036 --- [           main] o.h.b.model.internal.BasicValueBinder    : building BasicValue for fileType
2025-01-09T08:37:04.489-06:00 DEBUG 20036 --- [           main] org.hibernate.mapping.BasicValue         : Skipping column re-registration: attachments.file_type
2025-01-09T08:37:04.489-06:00 DEBUG 20036 --- [           main] o.h.boot.model.internal.PropertyBinder   : Building property fileType
2025-01-09T08:37:04.490-06:00 DEBUG 20036 --- [           main] o.h.boot.model.internal.AnnotatedColumn  : Binding column: AnnotatedColumn(column='file_url')
2025-01-09T08:37:04.490-06:00 DEBUG 20036 --- [           main] o.h.boot.model.internal.PropertyBinder   : MetadataSourceProcessor property fileUrl with lazy=false
2025-01-09T08:37:04.490-06:00 DEBUG 20036 --- [           main] o.h.b.m.internal.AbstractPropertyHolder  : Attempting to locate auto-apply AttributeConverter for property [com.chatgenius.model.Attachment:fileUrl]
2025-01-09T08:37:04.490-06:00 DEBUG 20036 --- [           main] o.h.b.model.internal.BasicValueBinder    : building BasicValue for fileUrl
2025-01-09T08:37:04.490-06:00 DEBUG 20036 --- [           main] org.hibernate.mapping.BasicValue         : Skipping column re-registration: attachments.file_url
2025-01-09T08:37:04.490-06:00 DEBUG 20036 --- [           main] o.h.boot.model.internal.PropertyBinder   : Building property fileUrl
2025-01-09T08:37:04.490-06:00 DEBUG 20036 --- [           main] o.h.boot.model.internal.AnnotatedColumn  : Binding column: AnnotatedJoinColumn(column='message_id')
2025-01-09T08:37:04.490-06:00 DEBUG 20036 --- [           main] o.h.boot.model.internal.AnnotatedColumn  : Binding column: AnnotatedColumn()
2025-01-09T08:37:04.490-06:00 DEBUG 20036 --- [           main] o.h.boot.model.internal.PropertyBinder   : Building property message
2025-01-09T08:37:04.491-06:00 DEBUG 20036 --- [           main] o.h.b.r.c.i.ClassLoaderServiceImpl       : HHH000194: Package not found or wo package-info.java: com.chatgenius.model
2025-01-09T08:37:04.491-06:00 DEBUG 20036 --- [           main] o.h.boot.model.internal.EntityBinder     : Binding entity from annotated class: com.chatgenius.model.Channel
2025-01-09T08:37:04.491-06:00 DEBUG 20036 --- [           main] o.h.boot.model.internal.EntityBinder     : Import with entity name Channel
2025-01-09T08:37:04.491-06:00 DEBUG 20036 --- [           main] o.h.boot.model.internal.EntityBinder     : Bind entity com.chatgenius.model.Channel on table channels
2025-01-09T08:37:04.491-06:00 DEBUG 20036 --- [           main] o.h.boot.model.internal.AnnotatedColumn  : Binding column: AnnotatedDiscriminatorColumn(column='DTYPE')
2025-01-09T08:37:04.492-06:00 DEBUG 20036 --- [           main] o.h.boot.model.internal.AnnotatedColumn  : Binding column: AnnotatedColumn()
2025-01-09T08:37:04.492-06:00 DEBUG 20036 --- [           main] o.h.boot.internal.ClassLoaderAccessImpl  : Not known whether passed class name [com.chatgenius.model.Channel] is safe
2025-01-09T08:37:04.492-06:00 DEBUG 20036 --- [           main] o.h.boot.internal.ClassLoaderAccessImpl  : No temp ClassLoader provided; using live ClassLoader for loading potentially unsafe class : com.chatgenius.model.Channel
2025-01-09T08:37:04.492-06:00 DEBUG 20036 --- [           main] o.h.boot.model.internal.PropertyBinder   : MetadataSourceProcessor property id with lazy=false
2025-01-09T08:37:04.492-06:00 DEBUG 20036 --- [           main] o.h.b.m.internal.AbstractPropertyHolder  : Attempting to locate auto-apply AttributeConverter for property [com.chatgenius.model.Channel:id]
2025-01-09T08:37:04.492-06:00 DEBUG 20036 --- [           main] o.h.b.model.internal.BasicValueBinder    : building BasicValue for id
2025-01-09T08:37:04.492-06:00 DEBUG 20036 --- [           main] org.hibernate.mapping.BasicValue         : Skipping column re-registration: channels.id
2025-01-09T08:37:04.492-06:00 DEBUG 20036 --- [           main] o.h.boot.model.internal.PropertyBinder   : Building property id
2025-01-09T08:37:04.492-06:00 DEBUG 20036 --- [           main] o.h.boot.model.internal.BinderHelper     : #makeIdGenerator(BasicValue([Column(id)]), id, org.hibernate.id.UUIDGenerator, , ...)
2025-01-09T08:37:04.492-06:00 DEBUG 20036 --- [           main] o.h.boot.model.internal.AnnotatedColumn  : Binding column: AnnotatedColumn(column='created_at')
2025-01-09T08:37:04.492-06:00 DEBUG 20036 --- [           main] o.h.boot.model.internal.PropertyBinder   : MetadataSourceProcessor property createdAt with lazy=false
2025-01-09T08:37:04.492-06:00 DEBUG 20036 --- [           main] o.h.b.m.internal.AbstractPropertyHolder  : Attempting to locate auto-apply AttributeConverter for property [com.chatgenius.model.Channel:createdAt]
2025-01-09T08:37:04.492-06:00 DEBUG 20036 --- [           main] o.h.b.model.internal.BasicValueBinder    : building BasicValue for createdAt
2025-01-09T08:37:04.492-06:00 DEBUG 20036 --- [           main] org.hibernate.mapping.BasicValue         : Skipping column re-registration: channels.created_at
2025-01-09T08:37:04.492-06:00 DEBUG 20036 --- [           main] o.h.boot.model.internal.PropertyBinder   : Building property createdAt
[...]
2025-01-09T08:37:04.790-06:00 DEBUG 20036 --- [           main] o.h.e.t.internal.TransactionImpl         : begin
2025-01-09T08:37:04.790-06:00 DEBUG 20036 --- [           main] o.s.j.datasource.SimpleDriverDataSource  : Creating new JDBC Driver Connection to [jdbc:h2:mem:c28bcf25-0d96-40ed-b42d-6242cefd62bf;DB_CLOSE_DELAY=-1;DB_CLOSE_ON_EXIT=false]
2025-01-09T08:37:04.791-06:00 DEBUG 20036 --- [           main] o.s.orm.jpa.JpaTransactionManager        : Exposing JPA transaction as JDBC [org.springframework.orm.jpa.vendor.HibernateJpaDialect$HibernateConnectionHandle@68a2ee75]
2025-01-09T08:37:04.791-06:00 DEBUG 20036 --- [           main] o.s.t.c.transaction.TransactionContext   : Began transaction (1) for test class [com.chatgenius.integration.DatabaseIntegrationTest]; test method [createReply_Success]; transaction manager [org.springframework.orm.jpa.JpaTransactionManager@6af5b172]; rollback [true]
2025-01-09T08:37:04.791-06:00 DEBUG 20036 --- [           main] org.springframework.test.context.cache   : Spring test ApplicationContext cache statistics: [DefaultContextCache@3bd6ce4e size = 4, maxSize = 32, parentContextCount = 0, hitCount = 141, missCount = 4, failureCount = 0]
2025-01-09T08:37:04.791-06:00 DEBUG 20036 --- [           main] org.springframework.test.context.cache   : Spring test ApplicationContext cache statistics: [DefaultContextCache@3bd6ce4e size = 4, maxSize = 32, parentContextCount = 0, hitCount = 142, missCount = 4, failureCount = 0]
2025-01-09T08:37:04.791-06:00 DEBUG 20036 --- [           main] o.s.orm.jpa.JpaTransactionManager        : Found thread-bound EntityManager [SessionImpl(1342859204<open>)] for JPA transaction
2025-01-09T08:37:04.791-06:00 DEBUG 20036 --- [           main] o.s.orm.jpa.JpaTransactionManager        : Participating in existing transaction
2025-01-09T08:37:04.791-06:00 DEBUG 20036 --- [           main] org.hibernate.orm.sql.ast.create         : Created new SQL alias : m1_0
2025-01-09T08:37:04.791-06:00 DEBUG 20036 --- [           main] org.hibernate.orm.sql.ast.create         : Registration of TableGroup [StandardTableGroup(com.chatgenius.model.Message(1604472983000))] with identifierForTableGroup [com.chatgenius.model.Message] for NavigablePath [com.chatgenius.model.Message] 
2025-01-09T08:37:04.792-06:00 DEBUG 20036 --- [           main] org.hibernate.orm.sql.ast.create         : Registration of TableGroup [org.hibernate.sql.ast.tree.from.LazyTableGroup@4a0d46d] with identifierForTableGroup [com.chatgenius.model.Message.channel] for NavigablePath [com.chatgenius.model.Message.channel] 
2025-01-09T08:37:04.792-06:00 DEBUG 20036 --- [           main] org.hibernate.orm.sql.ast.create         : Registration of TableGroup [org.hibernate.sql.ast.tree.from.LazyTableGroup@402af74] with identifierForTableGroup [com.chatgenius.model.Message.thread] for NavigablePath [com.chatgenius.model.Message.thread] 
2025-01-09T08:37:04.792-06:00 DEBUG 20036 --- [           main] org.hibernate.orm.sql.ast.create         : Registration of TableGroup [org.hibernate.sql.ast.tree.from.LazyTableGroup@fff6f48] with identifierForTableGroup [com.chatgenius.model.Message.user] for NavigablePath [com.chatgenius.model.Message.user] 
2025-01-09T08:37:04.792-06:00 DEBUG 20036 --- [           main] org.hibernate.orm.results.graph.AST      : DomainResult Graph:
 \-EntityResultImpl [com.chatgenius.model.Message(1604472983000)]
 |  +-DelayedCollectionFetch [com.chatgenius.model.Message(1604472983000).attachments]
 |  +-EntityFetchSelectImpl [com.chatgenius.model.Message(1604472983000).channel]
 |  +-BasicFetch [com.chatgenius.model.Message(1604472983000).content]
 |  +-BasicFetch [com.chatgenius.model.Message(1604472983000).createdAt]
 |  +-DelayedCollectionFetch [com.chatgenius.model.Message(1604472983000).reactions]
 |  +-DelayedCollectionFetch [com.chatgenius.model.Message(1604472983000).replies]
 |  +-CircularFetchImpl [com.chatgenius.model.Message(1604472983000).thread]
 |  +-BasicFetch [com.chatgenius.model.Message(1604472983000).type]
 |  +-BasicFetch [com.chatgenius.model.Message(1604472983000).updatedAt]
 |  \-EntityFetchSelectImpl [com.chatgenius.model.Message(1604472983000).user]

2025-01-09T08:37:04.792-06:00 DEBUG 20036 --- [           main] org.hibernate.orm.sql.ast.tree           : SQL AST Tree:
    SelectStatement {
      FromClause {
        StandardTableGroup (m1 : com.chatgenius.model.Message(1604472983000)) {
          primaryTableReference : messages as m1_0
          TableGroupJoins {
            left  join LazyTableGroup (c1 : com.chatgenius.model.Message(1604472983000).channel) {
            }
            left  join LazyTableGroup (t1 : com.chatgenius.model.Message(1604472983000).thread) {
            }
            left  join LazyTableGroup (u1 : com.chatgenius.model.Message(1604472983000).user) {
            }
          }
        }
      }
    }

2025-01-09T08:37:04.792-06:00 DEBUG 20036 --- [           main] org.hibernate.orm.sql.exec               : Skipping reading Query result cache data: cache-enabled = false, cache-mode = NORMAL
2025-01-09T08:37:04.792-06:00 DEBUG 20036 --- [           main] org.hibernate.orm.results                : Initializer list:
	  com.chatgenius.model.Message(1604472983000).user -> EntitySelectFetchInitializer(com.chatgenius.model.Message(1604472983000).user)@917709839 (ToOneAttributeMapping(NavigableRole[com.chatgenius.model.Message.user])@1593829543)
	  com.chatgenius.model.Message(1604472983000).channel -> EntitySelectFetchInitializer(com.chatgenius.model.Message(1604472983000).channel)@884116744 (ToOneAttributeMapping(NavigableRole[com.chatgenius.model.Message.channel])@1592600321)
	  com.chatgenius.model.Message(1604472983000) -> EntityResultInitializer(com.chatgenius.model.Message(1604472983000))@635104741 (SingleTableEntityPersister(com.chatgenius.model.Message))
	  com.chatgenius.model.Message(1604472983000).attachments -> DelayedCollectionInitializer(com.chatgenius.model.Message(1604472983000).attachments)@1361793849 (PluralAttribute(com.chatgenius.model.Message.attachments))
	  com.chatgenius.model.Message(1604472983000).replies -> DelayedCollectionInitializer(com.chatgenius.model.Message(1604472983000).replies)@2123859535 (PluralAttribute(com.chatgenius.model.Message.replies))
	  com.chatgenius.model.Message(1604472983000).reactions -> DelayedCollectionInitializer(com.chatgenius.model.Message(1604472983000).reactions)@1584238168 (PluralAttribute(com.chatgenius.model.Message.reactions))
	  com.chatgenius.model.Message(1604472983000).thread -> EntitySelectFetchInitializer(com.chatgenius.model.Message(1604472983000).thread)@749397429 (ToOneAttributeMapping(NavigableRole[com.chatgenius.model.Message.thread])@841225476)

2025-01-09T08:37:04.792-06:00 DEBUG 20036 --- [           main] org.hibernate.SQL                        : 
    select
        m1_0.id,
        m1_0.channel_id,
        m1_0.content,
        m1_0.created_at,
        m1_0.thread_id,
        m1_0.type,
        m1_0.updated_at,
        m1_0.user_id 
    from
        messages m1_0
Hibernate: 
    select
        m1_0.id,
        m1_0.channel_id,
        m1_0.content,
        m1_0.created_at,
        m1_0.thread_id,
        m1_0.type,
        m1_0.updated_at,
        m1_0.user_id 
    from
        messages m1_0
2025-01-09T08:37:04.794-06:00 DEBUG 20036 --- [           main] o.s.orm.jpa.JpaTransactionManager        : Found thread-bound EntityManager [SessionImpl(1342859204<open>)] for JPA transaction
2025-01-09T08:37:04.794-06:00 DEBUG 20036 --- [           main] o.s.orm.jpa.JpaTransactionManager        : Participating in existing transaction
2025-01-09T08:37:04.794-06:00 DEBUG 20036 --- [           main] org.hibernate.orm.sql.ast.create         : Created new SQL alias : c1_0
2025-01-09T08:37:04.794-06:00 DEBUG 20036 --- [           main] org.hibernate.orm.sql.ast.create         : Registration of TableGroup [StandardTableGroup(com.chatgenius.model.Channel(1604475053800))] with identifierForTableGroup [com.chatgenius.model.Channel] for NavigablePath [com.chatgenius.model.Channel] 
2025-01-09T08:37:04.794-06:00 DEBUG 20036 --- [           main] org.hibernate.orm.results.graph.AST      : DomainResult Graph:
 \-EntityResultImpl [com.chatgenius.model.Channel(1604475053800)]
 |  +-BasicFetch [com.chatgenius.model.Channel(1604475053800).createdAt]
 |  +-DelayedCollectionFetch [com.chatgenius.model.Channel(1604475053800).members]
 |  +-BasicFetch [com.chatgenius.model.Channel(1604475053800).name]
 |  \-BasicFetch [com.chatgenius.model.Channel(1604475053800).type]

2025-01-09T08:37:04.794-06:00 DEBUG 20036 --- [           main] org.hibernate.orm.sql.ast.tree           : SQL AST Tree:
    SelectStatement {
      FromClause {
        StandardTableGroup (c1 : com.chatgenius.model.Channel(1604475053800)) {
          primaryTableReference : channels as c1_0
        }
      }
    }

2025-01-09T08:37:04.794-06:00 DEBUG 20036 --- [           main] org.hibernate.orm.sql.exec               : Skipping reading Query result cache data: cache-enabled = false, cache-mode = NORMAL
2025-01-09T08:37:04.794-06:00 DEBUG 20036 --- [           main] org.hibernate.orm.results                : Initializer list:
	  com.chatgenius.model.Channel(1604475053800).members -> DelayedCollectionInitializer(com.chatgenius.model.Channel(1604475053800).members)@1306222000 (PluralAttribute(com.chatgenius.model.Channel.members))
	  com.chatgenius.model.Channel(1604475053800) -> EntityResultInitializer(com.chatgenius.model.Channel(1604475053800))@1226928554 (SingleTableEntityPersister(com.chatgenius.model.Channel))

2025-01-09T08:37:04.794-06:00 DEBUG 20036 --- [           main] org.hibernate.SQL                        : 
    select
        c1_0.id,
        c1_0.created_at,
        c1_0.name,
        c1_0.type 
    from
        channels c1_0
Hibernate: 
    select
        c1_0.id,
        c1_0.created_at,
        c1_0.name,
        c1_0.type 
    from
        channels c1_0
2025-01-09T08:37:04.794-06:00 DEBUG 20036 --- [           main] o.s.orm.jpa.JpaTransactionManager        : Found thread-bound EntityManager [SessionImpl(1342859204<open>)] for JPA transaction
2025-01-09T08:37:04.795-06:00 DEBUG 20036 --- [           main] o.s.orm.jpa.JpaTransactionManager        : Participating in existing transaction
2025-01-09T08:37:04.795-06:00 DEBUG 20036 --- [           main] org.hibernate.orm.sql.ast.create         : Created new SQL alias : u1_0
2025-01-09T08:37:04.795-06:00 DEBUG 20036 --- [           main] org.hibernate.orm.sql.ast.create         : Registration of TableGroup [StandardTableGroup(com.chatgenius.model.User(1604475957400))] with identifierForTableGroup [com.chatgenius.model.User] for NavigablePath [com.chatgenius.model.User] 
2025-01-09T08:37:04.795-06:00 DEBUG 20036 --- [           main] org.hibernate.orm.results.graph.AST      : DomainResult Graph:
 \-EntityResultImpl [com.chatgenius.model.User(1604475957400)]
 |  +-BasicFetch [com.chatgenius.model.User(1604475957400).createdAt]
 |  +-BasicFetch [com.chatgenius.model.User(1604475957400).email]
 |  +-BasicFetch [com.chatgenius.model.User(1604475957400).lastSeenAt]
 |  +-BasicFetch [com.chatgenius.model.User(1604475957400).password]
 |  +-BasicFetch [com.chatgenius.model.User(1604475957400).status]
 |  \-BasicFetch [com.chatgenius.model.User(1604475957400).username]

2025-01-09T08:37:04.795-06:00 DEBUG 20036 --- [           main] org.hibernate.orm.sql.ast.tree           : SQL AST Tree:
    SelectStatement {
      FromClause {
        StandardTableGroup (u1 : com.chatgenius.model.User(1604475957400)) {
          primaryTableReference : users as u1_0
        }
      }
    }

2025-01-09T08:37:04.795-06:00 DEBUG 20036 --- [           main] org.hibernate.orm.sql.exec               : Skipping reading Query result cache data: cache-enabled = false, cache-mode = NORMAL
2025-01-09T08:37:04.795-06:00 DEBUG 20036 --- [           main] org.hibernate.orm.results                : Initializer list:
	  com.chatgenius.model.User(1604475957400) -> EntityResultInitializer(com.chatgenius.model.User(1604475957400))@1775841139 (SingleTableEntityPersister(com.chatgenius.model.User))

2025-01-09T08:37:04.795-06:00 DEBUG 20036 --- [           main] org.hibernate.SQL                        : 
    select
        u1_0.id,
        u1_0.created_at,
        u1_0.email,
        u1_0.last_seen_at,
        u1_0.password,
        u1_0.status,
        u1_0.username 
    from
        users u1_0
Hibernate: 
    select
        u1_0.id,
        u1_0.created_at,
        u1_0.email,
        u1_0.last_seen_at,
        u1_0.password,
        u1_0.status,
        u1_0.username 
    from
        users u1_0
2025-01-09T08:37:04.795-06:00 DEBUG 20036 --- [           main] o.s.orm.jpa.JpaTransactionManager        : Found thread-bound EntityManager [SessionImpl(1342859204<open>)] for JPA transaction
2025-01-09T08:37:04.795-06:00 DEBUG 20036 --- [           main] o.s.orm.jpa.JpaTransactionManager        : Participating in existing transaction
2025-01-09T08:37:04.795-06:00 DEBUG 20036 --- [           main] o.h.j.internal.PersistenceUnitUtilImpl   : jakarta.persistence.PersistenceUnitUtil.getIdentifier is only intended to work with enhanced entities (although Hibernate also adapts this support to its proxies); however the passed entity was not enhanced (nor a proxy).. may not be able to read identifier
2025-01-09T08:37:04.795-06:00 DEBUG 20036 --- [           main] o.h.e.i.AbstractSaveEventListener        : Generated identifier: 6c995582-ae7f-4cec-8021-323252498a64, using strategy: org.hibernate.id.UUIDGenerator
2025-01-09T08:37:04.796-06:00 DEBUG 20036 --- [           main] o.s.orm.jpa.JpaTransactionManager        : Found thread-bound EntityManager [SessionImpl(1342859204<open>)] for JPA transaction
2025-01-09T08:37:04.796-06:00 DEBUG 20036 --- [           main] o.s.orm.jpa.JpaTransactionManager        : Participating in existing transaction
2025-01-09T08:37:04.796-06:00 DEBUG 20036 --- [           main] o.h.j.internal.PersistenceUnitUtilImpl   : jakarta.persistence.PersistenceUnitUtil.getIdentifier is only intended to work with enhanced entities (although Hibernate also adapts this support to its proxies); however the passed entity was not enhanced (nor a proxy).. may not be able to read identifier
2025-01-09T08:37:04.796-06:00 DEBUG 20036 --- [           main] o.h.e.i.AbstractSaveEventListener        : Generated identifier: 128aeb10-170e-4a9c-ac9f-e91b39a8614d, using strategy: org.hibernate.id.UUIDGenerator
2025-01-09T08:37:04.796-06:00 DEBUG 20036 --- [           main] o.s.orm.jpa.JpaTransactionManager        : Found thread-bound EntityManager [SessionImpl(1342859204<open>)] for JPA transaction
2025-01-09T08:37:04.796-06:00 DEBUG 20036 --- [           main] o.s.orm.jpa.JpaTransactionManager        : Participating in existing transaction
2025-01-09T08:37:04.796-06:00 DEBUG 20036 --- [           main] o.h.j.internal.PersistenceUnitUtilImpl   : jakarta.persistence.PersistenceUnitUtil.getIdentifier is only intended to work with enhanced entities (although Hibernate also adapts this support to its proxies); however the passed entity was not enhanced (nor a proxy).. may not be able to read identifier
2025-01-09T08:37:04.796-06:00 DEBUG 20036 --- [           main] o.h.e.i.AbstractSaveEventListener        : Generated identifier: 08f71647-3f54-4278-a624-488f10f38777, using strategy: org.hibernate.id.UUIDGenerator
2025-01-09T08:37:04.796-06:00 DEBUG 20036 --- [           main] org.springframework.test.context.cache   : Spring test ApplicationContext cache statistics: [DefaultContextCache@3bd6ce4e size = 4, maxSize = 32, parentContextCount = 0, hitCount = 143, missCount = 4, failureCount = 0]
2025-01-09T08:37:04.796-06:00 DEBUG 20036 --- [           main] o.s.orm.jpa.JpaTransactionManager        : Found thread-bound EntityManager [SessionImpl(1342859204<open>)] for JPA transaction
2025-01-09T08:37:04.796-06:00 DEBUG 20036 --- [           main] o.s.orm.jpa.JpaTransactionManager        : Participating in existing transaction
2025-01-09T08:37:04.796-06:00 DEBUG 20036 --- [           main] o.h.j.internal.PersistenceUnitUtilImpl   : jakarta.persistence.PersistenceUnitUtil.getIdentifier is only intended to work with enhanced entities (although Hibernate also adapts this support to its proxies); however the passed entity was not enhanced (nor a proxy).. may not be able to read identifier
2025-01-09T08:37:04.796-06:00 DEBUG 20036 --- [           main] o.h.e.i.AbstractSaveEventListener        : Generated identifier: d4bf49c4-7009-461e-89e1-a321e62209ad, using strategy: org.hibernate.id.UUIDGenerator
2025-01-09T08:37:04.797-06:00 DEBUG 20036 --- [           main] org.springframework.test.context.cache   : Spring test ApplicationContext cache statistics: [DefaultContextCache@3bd6ce4e size = 4, maxSize = 32, parentContextCount = 0, hitCount = 144, missCount = 4, failureCount = 0]
2025-01-09T08:37:04.797-06:00 DEBUG 20036 --- [           main] org.springframework.test.context.cache   : Spring test ApplicationContext cache statistics: [DefaultContextCache@3bd6ce4e size = 4, maxSize = 32, parentContextCount = 0, hitCount = 145, missCount = 4, failureCount = 0]
2025-01-09T08:37:04.797-06:00 DEBUG 20036 --- [           main] org.springframework.test.context.cache   : Spring test ApplicationContext cache statistics: [DefaultContextCache@3bd6ce4e size = 4, maxSize = 32, parentContextCount = 0, hitCount = 146, missCount = 4, failureCount = 0]
2025-01-09T08:37:04.797-06:00 DEBUG 20036 --- [           main] org.springframework.test.context.cache   : Spring test ApplicationContext cache statistics: [DefaultContextCache@3bd6ce4e size = 4, maxSize = 32, parentContextCount = 0, hitCount = 147, missCount = 4, failureCount = 0]
2025-01-09T08:37:04.797-06:00 DEBUG 20036 --- [           main] org.springframework.test.context.cache   : Spring test ApplicationContext cache statistics: [DefaultContextCache@3bd6ce4e size = 4, maxSize = 32, parentContextCount = 0, hitCount = 148, missCount = 4, failureCount = 0]
2025-01-09T08:37:04.797-06:00 DEBUG 20036 --- [           main] org.springframework.test.context.cache   : Spring test ApplicationContext cache statistics: [DefaultContextCache@3bd6ce4e size = 4, maxSize = 32, parentContextCount = 0, hitCount = 149, missCount = 4, failureCount = 0]
2025-01-09T08:37:04.797-06:00 DEBUG 20036 --- [           main] org.springframework.test.context.cache   : Spring test ApplicationContext cache statistics: [DefaultContextCache@3bd6ce4e size = 4, maxSize = 32, parentContextCount = 0, hitCount = 150, missCount = 4, failureCount = 0]
2025-01-09T08:37:04.797-06:00 DEBUG 20036 --- [           main] o.s.orm.jpa.JpaTransactionManager        : Initiating transaction rollback
2025-01-09T08:37:04.797-06:00 DEBUG 20036 --- [           main] o.s.orm.jpa.JpaTransactionManager        : Rolling back JPA transaction on EntityManager [SessionImpl(1342859204<open>)]
2025-01-09T08:37:04.797-06:00 DEBUG 20036 --- [           main] o.h.e.t.internal.TransactionImpl         : rolling back
2025-01-09T08:37:04.797-06:00 DEBUG 20036 --- [           main] o.s.orm.jpa.JpaTransactionManager        : Closing JPA EntityManager [SessionImpl(1342859204<open>)] after transaction
2025-01-09T08:37:04.797-06:00 DEBUG 20036 --- [           main] o.s.t.c.transaction.TransactionContext   : Rolled back transaction (1) for test class [com.chatgenius.integration.DatabaseIntegrationTest]; test method [createReply_Success]
2025-01-09T08:37:04.797-06:00 DEBUG 20036 --- [           main] .c.s.DirtiesContextTestExecutionListener : After test method: class [DatabaseIntegrationTest], method [createReply_Success], class annotated with @DirtiesContext [false] with mode [null], method annotated with @DirtiesContext [false] with mode [null]
]]></system-out>
  </testcase>
</testsuite>